{"name":"Add Items","id":"favorites-snd-saved;add-items","testSteps":[{"number":1,"description":"Example: {email\u003dlenovo.esucre@gmail.com, password\u003d3Felipe180}","duration":127573,"startTime":"2023-09-27T19:43:54.480-05:00[America/Bogota]","exception":{"errorType":"net.thucydides.core.webdriver.exceptions.ElementShouldBeEnabledException","message":"Expected enabled element was not enabled","stackTrace":[{"declaringClass":"com.co.qvision.tasks.OpenModuleSaveTask","methodName":"performAs","fileName":"OpenModuleSaveTask.java","lineNumber":13},{"declaringClass":"co.com.Senasoft.StepsDefinitions.YourCountStepDefinition","methodName":"theUserSelectsItemsForFavorites","fileName":"YourCountStepDefinition.java","lineNumber":24},{"declaringClass":"cucumber.runner.Runner","methodName":"runPickle","fileName":"Runner.java","lineNumber":80},{"declaringClass":"worker.org.gradle.process.internal.worker.GradleWorkerMain","methodName":"run","fileName":"GradleWorkerMain.java","lineNumber":69},{"declaringClass":"worker.org.gradle.process.internal.worker.GradleWorkerMain","methodName":"main","fileName":"GradleWorkerMain.java","lineNumber":74}],"rootCause":{"errorType":"org.openqa.selenium.TimeoutException","message":"Expected condition failed: waiting for By.xpath: //button[@data-testid\u003d\u0027header-profile\u0027] to be enabled (tried for 5 second(s) with 100 milliseconds interval)","stackTrace":[{"declaringClass":"com.co.qvision.tasks.OpenModuleSaveTask","methodName":"performAs","fileName":"OpenModuleSaveTask.java","lineNumber":13},{"declaringClass":"co.com.Senasoft.StepsDefinitions.YourCountStepDefinition","methodName":"theUserSelectsItemsForFavorites","fileName":"YourCountStepDefinition.java","lineNumber":24},{"declaringClass":"cucumber.runner.Runner","methodName":"runPickle","fileName":"Runner.java","lineNumber":80},{"declaringClass":"worker.org.gradle.process.internal.worker.GradleWorkerMain","methodName":"run","fileName":"GradleWorkerMain.java","lineNumber":69},{"declaringClass":"worker.org.gradle.process.internal.worker.GradleWorkerMain","methodName":"main","fileName":"GradleWorkerMain.java","lineNumber":74}],"rootCause":{"errorType":"org.openqa.selenium.NoSuchElementException","message":"no such element: Unable to locate element: {\"method\":\"xpath\",\"selector\":\"//button[@data-testid\u003d\u0027header-profile\u0027]\"}\n  (Session info: chrome\u003d117.0.5938.92)\nFor documentation on this error, please visit: https://www.seleniumhq.org/exceptions/no_such_element.html\nBuild info: version: \u00273.141.59\u0027, revision: \u0027e82be7d358\u0027, time: \u00272018-11-14T08:17:03\u0027\nSystem info: host: \u0027DESKTOP-EBETFGH\u0027, ip: \u0027172.18.1.251\u0027, os.name: \u0027Windows 10\u0027, os.arch: \u0027amd64\u0027, os.version: \u002710.0\u0027, java.version: \u00271.8.0_161\u0027\nDriver info: org.openqa.selenium.chrome.ChromeDriver\nCapabilities {acceptInsecureCerts: false, browserName: chrome, browserVersion: 117.0.5938.92, chrome: {chromedriverVersion: 116.0.5845.96 (1a3918166880..., userDataDir: C:\\Users\\SENA\\AppData\\Local...}, fedcm:accounts: true, goog:chromeOptions: {debuggerAddress: localhost:54829}, javascriptEnabled: true, networkConnectionEnabled: false, pageLoadStrategy: normal, platform: WINDOWS, platformName: WINDOWS, proxy: Proxy(), setWindowRect: true, strictFileInteractability: false, timeouts: {implicit: 0, pageLoad: 300000, script: 30000}, unhandledPromptBehavior: dismiss and notify, webauthn:extension:credBlob: true, webauthn:extension:largeBlob: true, webauthn:extension:minPinLength: true, webauthn:extension:prf: true, webauthn:virtualAuthenticators: true}\nSession ID: 4baa29ce3715a9def8fa4b251752e691\n*** Element info: {Using\u003dxpath, value\u003d//button[@data-testid\u003d\u0027header-profile\u0027]}","stackTrace":[{"declaringClass":"com.co.qvision.tasks.OpenModuleSaveTask","methodName":"performAs","fileName":"OpenModuleSaveTask.java","lineNumber":13},{"declaringClass":"co.com.Senasoft.StepsDefinitions.YourCountStepDefinition","methodName":"theUserSelectsItemsForFavorites","fileName":"YourCountStepDefinition.java","lineNumber":24},{"declaringClass":"cucumber.runner.Runner","methodName":"runPickle","fileName":"Runner.java","lineNumber":80},{"declaringClass":"worker.org.gradle.process.internal.worker.GradleWorkerMain","methodName":"run","fileName":"GradleWorkerMain.java","lineNumber":69},{"declaringClass":"worker.org.gradle.process.internal.worker.GradleWorkerMain","methodName":"main","fileName":"GradleWorkerMain.java","lineNumber":74}]}}},"result":"FAILURE","precondition":false,"level":0,"children":[{"number":2,"description":"Given the user Enter the website","duration":8076,"startTime":"2023-09-27T19:43:54.651-05:00[America/Bogota]","screenshots":[{"screenshot":"ed15f883a00580b08e3594d86e466f6628d7b8cd1b6a11ad2d573daf8abb4a02.png","timeStamp":1695861842727}],"result":"SUCCESS","precondition":false,"level":1,"children":[{"number":3,"description":"User opens the https://www.booking.com/","duration":7672,"startTime":"2023-09-27T19:43:55.021-05:00[America/Bogota]","screenshots":[{"screenshot":"ed15f883a00580b08e3594d86e466f6628d7b8cd1b6a11ad2d573daf8abb4a02.png","timeStamp":1695861842692}],"result":"SUCCESS","precondition":false,"level":2}]},{"number":4,"description":"When the user selects items for favorites\r\n| email | password |\r\n| lenovo.esucre@gmail.com | 3Felipe180 |","duration":119311,"startTime":"2023-09-27T19:44:02.729-05:00[America/Bogota]","screenshots":[{"screenshot":"75c37ebf456f7cd6509b1df826adef7cc6269c7f1cd88b7e893f5a7a50fe3dd5.png","timeStamp":1695861842995}],"exception":{"errorType":"net.thucydides.core.webdriver.exceptions.ElementShouldBeEnabledException","message":"Expected enabled element was not enabled","stackTrace":[{"declaringClass":"com.co.qvision.tasks.OpenModuleSaveTask","methodName":"performAs","fileName":"OpenModuleSaveTask.java","lineNumber":13},{"declaringClass":"co.com.Senasoft.StepsDefinitions.YourCountStepDefinition","methodName":"theUserSelectsItemsForFavorites","fileName":"YourCountStepDefinition.java","lineNumber":24},{"declaringClass":"cucumber.runner.Runner","methodName":"runPickle","fileName":"Runner.java","lineNumber":80},{"declaringClass":"worker.org.gradle.process.internal.worker.GradleWorkerMain","methodName":"run","fileName":"GradleWorkerMain.java","lineNumber":69},{"declaringClass":"worker.org.gradle.process.internal.worker.GradleWorkerMain","methodName":"main","fileName":"GradleWorkerMain.java","lineNumber":74}],"rootCause":{"errorType":"org.openqa.selenium.TimeoutException","message":"Expected condition failed: waiting for By.xpath: //button[@data-testid\u003d\u0027header-profile\u0027] to be enabled (tried for 5 second(s) with 100 milliseconds interval)","stackTrace":[{"declaringClass":"com.co.qvision.tasks.OpenModuleSaveTask","methodName":"performAs","fileName":"OpenModuleSaveTask.java","lineNumber":13},{"declaringClass":"co.com.Senasoft.StepsDefinitions.YourCountStepDefinition","methodName":"theUserSelectsItemsForFavorites","fileName":"YourCountStepDefinition.java","lineNumber":24},{"declaringClass":"cucumber.runner.Runner","methodName":"runPickle","fileName":"Runner.java","lineNumber":80},{"declaringClass":"worker.org.gradle.process.internal.worker.GradleWorkerMain","methodName":"run","fileName":"GradleWorkerMain.java","lineNumber":69},{"declaringClass":"worker.org.gradle.process.internal.worker.GradleWorkerMain","methodName":"main","fileName":"GradleWorkerMain.java","lineNumber":74}],"rootCause":{"errorType":"org.openqa.selenium.NoSuchElementException","message":"no such element: Unable to locate element: {\"method\":\"xpath\",\"selector\":\"//button[@data-testid\u003d\u0027header-profile\u0027]\"}\n  (Session info: chrome\u003d117.0.5938.92)\nFor documentation on this error, please visit: https://www.seleniumhq.org/exceptions/no_such_element.html\nBuild info: version: \u00273.141.59\u0027, revision: \u0027e82be7d358\u0027, time: \u00272018-11-14T08:17:03\u0027\nSystem info: host: \u0027DESKTOP-EBETFGH\u0027, ip: \u0027172.18.1.251\u0027, os.name: \u0027Windows 10\u0027, os.arch: \u0027amd64\u0027, os.version: \u002710.0\u0027, java.version: \u00271.8.0_161\u0027\nDriver info: org.openqa.selenium.chrome.ChromeDriver\nCapabilities {acceptInsecureCerts: false, browserName: chrome, browserVersion: 117.0.5938.92, chrome: {chromedriverVersion: 116.0.5845.96 (1a3918166880..., userDataDir: C:\\Users\\SENA\\AppData\\Local...}, fedcm:accounts: true, goog:chromeOptions: {debuggerAddress: localhost:54829}, javascriptEnabled: true, networkConnectionEnabled: false, pageLoadStrategy: normal, platform: WINDOWS, platformName: WINDOWS, proxy: Proxy(), setWindowRect: true, strictFileInteractability: false, timeouts: {implicit: 0, pageLoad: 300000, script: 30000}, unhandledPromptBehavior: dismiss and notify, webauthn:extension:credBlob: true, webauthn:extension:largeBlob: true, webauthn:extension:minPinLength: true, webauthn:extension:prf: true, webauthn:virtualAuthenticators: true}\nSession ID: 4baa29ce3715a9def8fa4b251752e691\n*** Element info: {Using\u003dxpath, value\u003d//button[@data-testid\u003d\u0027header-profile\u0027]}","stackTrace":[{"declaringClass":"com.co.qvision.tasks.OpenModuleSaveTask","methodName":"performAs","fileName":"OpenModuleSaveTask.java","lineNumber":13},{"declaringClass":"co.com.Senasoft.StepsDefinitions.YourCountStepDefinition","methodName":"theUserSelectsItemsForFavorites","fileName":"YourCountStepDefinition.java","lineNumber":24},{"declaringClass":"cucumber.runner.Runner","methodName":"runPickle","fileName":"Runner.java","lineNumber":80},{"declaringClass":"worker.org.gradle.process.internal.worker.GradleWorkerMain","methodName":"run","fileName":"GradleWorkerMain.java","lineNumber":69},{"declaringClass":"worker.org.gradle.process.internal.worker.GradleWorkerMain","methodName":"main","fileName":"GradleWorkerMain.java","lineNumber":74}]}}},"result":"FAILURE","precondition":false,"level":1,"children":[{"number":5,"description":"User close message","duration":1162,"startTime":"2023-09-27T19:44:03.031-05:00[America/Bogota]","screenshots":[{"screenshot":"75c37ebf456f7cd6509b1df826adef7cc6269c7f1cd88b7e893f5a7a50fe3dd5.png","timeStamp":1695861843044},{"screenshot":"6626a19ed797f2f29727df9087f76b176d929b7c3dac38628777b71dd96f2e51.png","timeStamp":1695861844193}],"result":"SUCCESS","precondition":false,"level":2,"children":[{"number":6,"description":"User clicks on Ignorar mensaje","duration":1108,"startTime":"2023-09-27T19:44:03.064-05:00[America/Bogota]","screenshots":[{"screenshot":"75c37ebf456f7cd6509b1df826adef7cc6269c7f1cd88b7e893f5a7a50fe3dd5.png","timeStamp":1695861843298},{"screenshot":"6626a19ed797f2f29727df9087f76b176d929b7c3dac38628777b71dd96f2e51.png","timeStamp":1695861844172}],"result":"SUCCESS","precondition":false,"level":3}]},{"number":7,"description":"User open login tasks","duration":4744,"startTime":"2023-09-27T19:44:04.202-05:00[America/Bogota]","screenshots":[{"screenshot":"ed15f883a00580b08e3594d86e466f6628d7b8cd1b6a11ad2d573daf8abb4a02.png","timeStamp":1695861844403},{"screenshot":"9d5431e807a7839a0c68679be023d3919ba3f9ca0d6a00b7fbdc546bed927768.png","timeStamp":1695861848946}],"result":"SUCCESS","precondition":false,"level":2,"children":[{"number":8,"description":"User clicks on Boton para login","duration":4500,"startTime":"2023-09-27T19:44:04.416-05:00[America/Bogota]","screenshots":[{"screenshot":"ed15f883a00580b08e3594d86e466f6628d7b8cd1b6a11ad2d573daf8abb4a02.png","timeStamp":1695861844431},{"screenshot":"9d5431e807a7839a0c68679be023d3919ba3f9ca0d6a00b7fbdc546bed927768.png","timeStamp":1695861848916}],"result":"SUCCESS","precondition":false,"level":3}]},{"number":9,"description":"User enter email task","duration":106349,"startTime":"2023-09-27T19:44:08.962-05:00[America/Bogota]","screenshots":[{"screenshot":"9d5431e807a7839a0c68679be023d3919ba3f9ca0d6a00b7fbdc546bed927768.png","timeStamp":1695861849184},{"screenshot":"851b9fc2e30f74e750ef7baae62149801e6351c7e9923f47584186ef90595985.png","timeStamp":1695861955311}],"result":"SUCCESS","precondition":false,"level":2,"children":[{"number":10,"description":"User enters \u0027lenovo.esucre@gmail.com\u0027 into Escribir email","duration":951,"startTime":"2023-09-27T19:44:09.202-05:00[America/Bogota]","screenshots":[{"screenshot":"9d5431e807a7839a0c68679be023d3919ba3f9ca0d6a00b7fbdc546bed927768.png","timeStamp":1695861849219},{"screenshot":"3d9f27b8a2d03e66496ad03a9a43779745b5bf809a22e5ae155926f0473e309d.png","timeStamp":1695861850153}],"result":"SUCCESS","precondition":false,"level":3},{"number":11,"description":"User clicks on Boton para continuar","duration":599,"startTime":"2023-09-27T19:44:10.159-05:00[America/Bogota]","screenshots":[{"screenshot":"3d9f27b8a2d03e66496ad03a9a43779745b5bf809a22e5ae155926f0473e309d.png","timeStamp":1695861850174},{"screenshot":"85b173b4d9e8858caeccb405bbfef8ac92a96614a4239a1a3bf705e8472a02ae.png","timeStamp":1695861850758}],"result":"SUCCESS","precondition":false,"level":3},{"number":12,"description":"User enters \u00273Felipe180\u0027 into Escribir contraseña","duration":1043,"startTime":"2023-09-27T19:44:13.768-05:00[America/Bogota]","screenshots":[{"screenshot":"caf7a77945044a9a419222d3911674e50b9d7b0fd2fbfbc88489e5ce86739669.png","timeStamp":1695861853957},{"screenshot":"677f02ff86e003ff63559f78101ab722597da42aac151284a99793efd867efb1.png","timeStamp":1695861854811}],"result":"SUCCESS","precondition":false,"level":3},{"number":13,"description":"User clicks on Boton para login","duration":475,"startTime":"2023-09-27T19:44:14.816-05:00[America/Bogota]","screenshots":[{"screenshot":"677f02ff86e003ff63559f78101ab722597da42aac151284a99793efd867efb1.png","timeStamp":1695861854833},{"screenshot":"6f0f4e95d3f89ef129fc20909a79305f3392a844189d931f1d99a90b18fbace4.png","timeStamp":1695861855291}],"result":"SUCCESS","precondition":false,"level":3}]},{"number":14,"description":"User open module save task","duration":6706,"startTime":"2023-09-27T19:45:55.318-05:00[America/Bogota]","screenshots":[{"screenshot":"851b9fc2e30f74e750ef7baae62149801e6351c7e9923f47584186ef90595985.png","timeStamp":1695861955329}],"exception":{"errorType":"net.thucydides.core.webdriver.exceptions.ElementShouldBeEnabledException","message":"Expected enabled element was not enabled","stackTrace":[{"declaringClass":"com.co.qvision.tasks.OpenModuleSaveTask","methodName":"performAs","fileName":"OpenModuleSaveTask.java","lineNumber":13},{"declaringClass":"co.com.Senasoft.StepsDefinitions.YourCountStepDefinition","methodName":"theUserSelectsItemsForFavorites","fileName":"YourCountStepDefinition.java","lineNumber":24},{"declaringClass":"cucumber.runner.Runner","methodName":"runPickle","fileName":"Runner.java","lineNumber":80},{"declaringClass":"worker.org.gradle.process.internal.worker.GradleWorkerMain","methodName":"run","fileName":"GradleWorkerMain.java","lineNumber":69},{"declaringClass":"worker.org.gradle.process.internal.worker.GradleWorkerMain","methodName":"main","fileName":"GradleWorkerMain.java","lineNumber":74}],"rootCause":{"errorType":"org.openqa.selenium.TimeoutException","message":"Expected condition failed: waiting for By.xpath: //button[@data-testid\u003d\u0027header-profile\u0027] to be enabled (tried for 5 second(s) with 100 milliseconds interval)","stackTrace":[{"declaringClass":"com.co.qvision.tasks.OpenModuleSaveTask","methodName":"performAs","fileName":"OpenModuleSaveTask.java","lineNumber":13},{"declaringClass":"co.com.Senasoft.StepsDefinitions.YourCountStepDefinition","methodName":"theUserSelectsItemsForFavorites","fileName":"YourCountStepDefinition.java","lineNumber":24},{"declaringClass":"cucumber.runner.Runner","methodName":"runPickle","fileName":"Runner.java","lineNumber":80},{"declaringClass":"worker.org.gradle.process.internal.worker.GradleWorkerMain","methodName":"run","fileName":"GradleWorkerMain.java","lineNumber":69},{"declaringClass":"worker.org.gradle.process.internal.worker.GradleWorkerMain","methodName":"main","fileName":"GradleWorkerMain.java","lineNumber":74}],"rootCause":{"errorType":"org.openqa.selenium.NoSuchElementException","message":"no such element: Unable to locate element: {\"method\":\"xpath\",\"selector\":\"//button[@data-testid\u003d\u0027header-profile\u0027]\"}\n  (Session info: chrome\u003d117.0.5938.92)\nFor documentation on this error, please visit: https://www.seleniumhq.org/exceptions/no_such_element.html\nBuild info: version: \u00273.141.59\u0027, revision: \u0027e82be7d358\u0027, time: \u00272018-11-14T08:17:03\u0027\nSystem info: host: \u0027DESKTOP-EBETFGH\u0027, ip: \u0027172.18.1.251\u0027, os.name: \u0027Windows 10\u0027, os.arch: \u0027amd64\u0027, os.version: \u002710.0\u0027, java.version: \u00271.8.0_161\u0027\nDriver info: org.openqa.selenium.chrome.ChromeDriver\nCapabilities {acceptInsecureCerts: false, browserName: chrome, browserVersion: 117.0.5938.92, chrome: {chromedriverVersion: 116.0.5845.96 (1a3918166880..., userDataDir: C:\\Users\\SENA\\AppData\\Local...}, fedcm:accounts: true, goog:chromeOptions: {debuggerAddress: localhost:54829}, javascriptEnabled: true, networkConnectionEnabled: false, pageLoadStrategy: normal, platform: WINDOWS, platformName: WINDOWS, proxy: Proxy(), setWindowRect: true, strictFileInteractability: false, timeouts: {implicit: 0, pageLoad: 300000, script: 30000}, unhandledPromptBehavior: dismiss and notify, webauthn:extension:credBlob: true, webauthn:extension:largeBlob: true, webauthn:extension:minPinLength: true, webauthn:extension:prf: true, webauthn:virtualAuthenticators: true}\nSession ID: 4baa29ce3715a9def8fa4b251752e691\n*** Element info: {Using\u003dxpath, value\u003d//button[@data-testid\u003d\u0027header-profile\u0027]}","stackTrace":[{"declaringClass":"com.co.qvision.tasks.OpenModuleSaveTask","methodName":"performAs","fileName":"OpenModuleSaveTask.java","lineNumber":13},{"declaringClass":"co.com.Senasoft.StepsDefinitions.YourCountStepDefinition","methodName":"theUserSelectsItemsForFavorites","fileName":"YourCountStepDefinition.java","lineNumber":24},{"declaringClass":"cucumber.runner.Runner","methodName":"runPickle","fileName":"Runner.java","lineNumber":80},{"declaringClass":"worker.org.gradle.process.internal.worker.GradleWorkerMain","methodName":"run","fileName":"GradleWorkerMain.java","lineNumber":69},{"declaringClass":"worker.org.gradle.process.internal.worker.GradleWorkerMain","methodName":"main","fileName":"GradleWorkerMain.java","lineNumber":74}]}}},"result":"FAILURE","precondition":false,"level":2,"children":[{"number":15,"description":"User clicks on Ir al modulo de perfil","duration":6675,"startTime":"2023-09-27T19:45:55.336-05:00[America/Bogota]","screenshots":[{"screenshot":"851b9fc2e30f74e750ef7baae62149801e6351c7e9923f47584186ef90595985.png","timeStamp":1695861955349},{"screenshot":"851b9fc2e30f74e750ef7baae62149801e6351c7e9923f47584186ef90595985.png","htmlSource":"pagesource1045241947118311072.html.txt","timeStamp":1695861962006}],"exception":{"errorType":"net.thucydides.core.webdriver.exceptions.ElementShouldBeEnabledException","message":"Expected enabled element was not enabled","stackTrace":[{"declaringClass":"com.co.qvision.tasks.OpenModuleSaveTask","methodName":"performAs","fileName":"OpenModuleSaveTask.java","lineNumber":13},{"declaringClass":"co.com.Senasoft.StepsDefinitions.YourCountStepDefinition","methodName":"theUserSelectsItemsForFavorites","fileName":"YourCountStepDefinition.java","lineNumber":24},{"declaringClass":"cucumber.runner.Runner","methodName":"runPickle","fileName":"Runner.java","lineNumber":80},{"declaringClass":"worker.org.gradle.process.internal.worker.GradleWorkerMain","methodName":"run","fileName":"GradleWorkerMain.java","lineNumber":69},{"declaringClass":"worker.org.gradle.process.internal.worker.GradleWorkerMain","methodName":"main","fileName":"GradleWorkerMain.java","lineNumber":74}],"rootCause":{"errorType":"org.openqa.selenium.TimeoutException","message":"Expected condition failed: waiting for By.xpath: //button[@data-testid\u003d\u0027header-profile\u0027] to be enabled (tried for 5 second(s) with 100 milliseconds interval)","stackTrace":[{"declaringClass":"com.co.qvision.tasks.OpenModuleSaveTask","methodName":"performAs","fileName":"OpenModuleSaveTask.java","lineNumber":13},{"declaringClass":"co.com.Senasoft.StepsDefinitions.YourCountStepDefinition","methodName":"theUserSelectsItemsForFavorites","fileName":"YourCountStepDefinition.java","lineNumber":24},{"declaringClass":"cucumber.runner.Runner","methodName":"runPickle","fileName":"Runner.java","lineNumber":80},{"declaringClass":"worker.org.gradle.process.internal.worker.GradleWorkerMain","methodName":"run","fileName":"GradleWorkerMain.java","lineNumber":69},{"declaringClass":"worker.org.gradle.process.internal.worker.GradleWorkerMain","methodName":"main","fileName":"GradleWorkerMain.java","lineNumber":74}],"rootCause":{"errorType":"org.openqa.selenium.NoSuchElementException","message":"no such element: Unable to locate element: {\"method\":\"xpath\",\"selector\":\"//button[@data-testid\u003d\u0027header-profile\u0027]\"}\n  (Session info: chrome\u003d117.0.5938.92)\nFor documentation on this error, please visit: https://www.seleniumhq.org/exceptions/no_such_element.html\nBuild info: version: \u00273.141.59\u0027, revision: \u0027e82be7d358\u0027, time: \u00272018-11-14T08:17:03\u0027\nSystem info: host: \u0027DESKTOP-EBETFGH\u0027, ip: \u0027172.18.1.251\u0027, os.name: \u0027Windows 10\u0027, os.arch: \u0027amd64\u0027, os.version: \u002710.0\u0027, java.version: \u00271.8.0_161\u0027\nDriver info: org.openqa.selenium.chrome.ChromeDriver\nCapabilities {acceptInsecureCerts: false, browserName: chrome, browserVersion: 117.0.5938.92, chrome: {chromedriverVersion: 116.0.5845.96 (1a3918166880..., userDataDir: C:\\Users\\SENA\\AppData\\Local...}, fedcm:accounts: true, goog:chromeOptions: {debuggerAddress: localhost:54829}, javascriptEnabled: true, networkConnectionEnabled: false, pageLoadStrategy: normal, platform: WINDOWS, platformName: WINDOWS, proxy: Proxy(), setWindowRect: true, strictFileInteractability: false, timeouts: {implicit: 0, pageLoad: 300000, script: 30000}, unhandledPromptBehavior: dismiss and notify, webauthn:extension:credBlob: true, webauthn:extension:largeBlob: true, webauthn:extension:minPinLength: true, webauthn:extension:prf: true, webauthn:virtualAuthenticators: true}\nSession ID: 4baa29ce3715a9def8fa4b251752e691\n*** Element info: {Using\u003dxpath, value\u003d//button[@data-testid\u003d\u0027header-profile\u0027]}","stackTrace":[{"declaringClass":"com.co.qvision.tasks.OpenModuleSaveTask","methodName":"performAs","fileName":"OpenModuleSaveTask.java","lineNumber":13},{"declaringClass":"co.com.Senasoft.StepsDefinitions.YourCountStepDefinition","methodName":"theUserSelectsItemsForFavorites","fileName":"YourCountStepDefinition.java","lineNumber":24},{"declaringClass":"cucumber.runner.Runner","methodName":"runPickle","fileName":"Runner.java","lineNumber":80},{"declaringClass":"worker.org.gradle.process.internal.worker.GradleWorkerMain","methodName":"run","fileName":"GradleWorkerMain.java","lineNumber":69},{"declaringClass":"worker.org.gradle.process.internal.worker.GradleWorkerMain","methodName":"main","fileName":"GradleWorkerMain.java","lineNumber":74}]}}},"result":"FAILURE","precondition":false,"level":3}]}]}]},{"number":16,"description":"Then he will see these elements in his profile","duration":14,"startTime":"2023-09-27T19:46:02.072-05:00[America/Bogota]","result":"SKIPPED","precondition":false,"level":0}],"userStory":{"id":"favorites-snd-saved","storyName":"Favorites snd saved","path":"src/test/resources/features/yourcount.feature","narrative":"  i need add and eliminate some","type":"feature"},"featureTag":{"name":"Features/Favorites snd saved","type":"feature","displayName":"Features/Favorites snd saved"},"title":"Add Items","tags":[{"name":"Favorites snd saved","type":"feature","displayName":"Favorites snd saved"},{"name":"AddItems","type":"tag","displayName":"AddItems"}],"startTime":"2023-09-27T19:43:54.322-05:00[America/Bogota]","duration":128540,"testFailureCause":{"errorType":"net.thucydides.core.webdriver.exceptions.ElementShouldBeEnabledException","message":"Expected enabled element was not enabled","stackTrace":[{"declaringClass":"com.co.qvision.tasks.OpenModuleSaveTask","methodName":"performAs","fileName":"OpenModuleSaveTask.java","lineNumber":13},{"declaringClass":"co.com.Senasoft.StepsDefinitions.YourCountStepDefinition","methodName":"theUserSelectsItemsForFavorites","fileName":"YourCountStepDefinition.java","lineNumber":24},{"declaringClass":"cucumber.runner.Runner","methodName":"runPickle","fileName":"Runner.java","lineNumber":80},{"declaringClass":"worker.org.gradle.process.internal.worker.GradleWorkerMain","methodName":"run","fileName":"GradleWorkerMain.java","lineNumber":69},{"declaringClass":"worker.org.gradle.process.internal.worker.GradleWorkerMain","methodName":"main","fileName":"GradleWorkerMain.java","lineNumber":74}],"rootCause":{"errorType":"org.openqa.selenium.TimeoutException","message":"Expected condition failed: waiting for By.xpath: //button[@data-testid\u003d\u0027header-profile\u0027] to be enabled (tried for 5 second(s) with 100 milliseconds interval)","stackTrace":[{"declaringClass":"com.co.qvision.tasks.OpenModuleSaveTask","methodName":"performAs","fileName":"OpenModuleSaveTask.java","lineNumber":13},{"declaringClass":"co.com.Senasoft.StepsDefinitions.YourCountStepDefinition","methodName":"theUserSelectsItemsForFavorites","fileName":"YourCountStepDefinition.java","lineNumber":24},{"declaringClass":"cucumber.runner.Runner","methodName":"runPickle","fileName":"Runner.java","lineNumber":80},{"declaringClass":"worker.org.gradle.process.internal.worker.GradleWorkerMain","methodName":"run","fileName":"GradleWorkerMain.java","lineNumber":69},{"declaringClass":"worker.org.gradle.process.internal.worker.GradleWorkerMain","methodName":"main","fileName":"GradleWorkerMain.java","lineNumber":74}],"rootCause":{"errorType":"org.openqa.selenium.NoSuchElementException","message":"no such element: Unable to locate element: {\"method\":\"xpath\",\"selector\":\"//button[@data-testid\u003d\u0027header-profile\u0027]\"}\n  (Session info: chrome\u003d117.0.5938.92)\nFor documentation on this error, please visit: https://www.seleniumhq.org/exceptions/no_such_element.html\nBuild info: version: \u00273.141.59\u0027, revision: \u0027e82be7d358\u0027, time: \u00272018-11-14T08:17:03\u0027\nSystem info: host: \u0027DESKTOP-EBETFGH\u0027, ip: \u0027172.18.1.251\u0027, os.name: \u0027Windows 10\u0027, os.arch: \u0027amd64\u0027, os.version: \u002710.0\u0027, java.version: \u00271.8.0_161\u0027\nDriver info: org.openqa.selenium.chrome.ChromeDriver\nCapabilities {acceptInsecureCerts: false, browserName: chrome, browserVersion: 117.0.5938.92, chrome: {chromedriverVersion: 116.0.5845.96 (1a3918166880..., userDataDir: C:\\Users\\SENA\\AppData\\Local...}, fedcm:accounts: true, goog:chromeOptions: {debuggerAddress: localhost:54829}, javascriptEnabled: true, networkConnectionEnabled: false, pageLoadStrategy: normal, platform: WINDOWS, platformName: WINDOWS, proxy: Proxy(), setWindowRect: true, strictFileInteractability: false, timeouts: {implicit: 0, pageLoad: 300000, script: 30000}, unhandledPromptBehavior: dismiss and notify, webauthn:extension:credBlob: true, webauthn:extension:largeBlob: true, webauthn:extension:minPinLength: true, webauthn:extension:prf: true, webauthn:virtualAuthenticators: true}\nSession ID: 4baa29ce3715a9def8fa4b251752e691\n*** Element info: {Using\u003dxpath, value\u003d//button[@data-testid\u003d\u0027header-profile\u0027]}","stackTrace":[{"declaringClass":"com.co.qvision.tasks.OpenModuleSaveTask","methodName":"performAs","fileName":"OpenModuleSaveTask.java","lineNumber":13},{"declaringClass":"co.com.Senasoft.StepsDefinitions.YourCountStepDefinition","methodName":"theUserSelectsItemsForFavorites","fileName":"YourCountStepDefinition.java","lineNumber":24},{"declaringClass":"cucumber.runner.Runner","methodName":"runPickle","fileName":"Runner.java","lineNumber":80},{"declaringClass":"worker.org.gradle.process.internal.worker.GradleWorkerMain","methodName":"run","fileName":"GradleWorkerMain.java","lineNumber":69},{"declaringClass":"worker.org.gradle.process.internal.worker.GradleWorkerMain","methodName":"main","fileName":"GradleWorkerMain.java","lineNumber":74}]}}},"testFailureClassname":"net.thucydides.core.webdriver.exceptions.ElementShouldBeEnabledException","testFailureMessage":"Expected enabled element was not enabled","testFailureSummary":"FAILURE;net.thucydides.core.webdriver.exceptions.ElementShouldBeEnabledException;Expected enabled element was not enabled;OpenModuleSaveTask.java","projectKey":"","annotatedResult":"FAILURE","isManualTestingUpToDate":false,"dataTable":{"headers":["email","password"],"rows":[{"values":["lenovo.esucre@gmail.com","3Felipe180"],"result":"FAILURE"}],"predefinedRows":true,"scenarioOutline":"Given the user Enter the website\n\rWhen the user selects items for favorites\n\rThen he will see these elements in his profile\n\r","dataSetDescriptors":[{"startRow":0,"rowCount":0,"name":""}]},"manual":false,"testSource":"Cucumber","actors":[{"name":"User","can":["browse the web"]}],"result":"FAILURE","scenarioOutline":"Given the user Enter the website\r\nWhen the user selects items for favorites\r\n|email | password|\r\n|\u003cemail\u003e | \u003cpassword\u003e|\r\nThen he will see these elements in his profile"}