{"name":"incorrect registratio","id":"register;incorrect-registratio","testSteps":[{"number":1,"description":"Given he user enters the website","duration":4431,"startTime":"2023-09-27T17:22:55.446-05:00[America/Bogota]","screenshots":[{"screenshot":"cf2040ccadb42e5ed9380c4c4827eee707c7a82b3f68e4eea2d2a4d8392720b8.png","timeStamp":1695853379877}],"result":"SUCCESS","precondition":false,"level":0,"children":[{"number":2,"description":"User opens the https://www.booking.com/index.es.html?label\u003des-co-booking-desktop-QLGRvVsXz2aps*_lUmd*1gS652804041077%3Apl%3Ata%3Ap1%3Ap2%3Aac%3Aap%3Aneg%3Afi%3Atikwd-102518000%3Alp1003665%3Ali%3Adec%3Adm\u0026gclid\u003dCjwKCAjwgsqoBhBNEiwAwe5w077TiV0TUdUzYfYh1-6VJKeaKbN97OQud8lSIPgn5wWrkdyjhOGSYRoCtLEQAvD_BwE\u0026aid\u003d2336990\u0026sid\u003d91faa5accfec39eacfbf6ac0adf3e1d7","duration":4290,"startTime":"2023-09-27T17:22:55.579-05:00[America/Bogota]","screenshots":[{"screenshot":"cf2040ccadb42e5ed9380c4c4827eee707c7a82b3f68e4eea2d2a4d8392720b8.png","timeStamp":1695853379868}],"result":"SUCCESS","precondition":false,"level":1}]},{"number":3,"description":"When he enters incorrect data\r\n| email | password | confirmation_password |\r\n| lenovo.esucregamil.com | Rosita4512* | Rosita4512* |","duration":7275,"startTime":"2023-09-27T17:22:59.878-05:00[America/Bogota]","screenshots":[{"screenshot":"cf2040ccadb42e5ed9380c4c4827eee707c7a82b3f68e4eea2d2a4d8392720b8.png","timeStamp":1695853379882}],"exception":{"errorType":"net.thucydides.core.webdriver.exceptions.ElementShouldBeEnabledException","message":"Expected enabled element was not enabled","stackTrace":[{"declaringClass":"com.co.qvision.tasks.RegisterIncorrectlyTask","methodName":"performAs","fileName":"RegisterIncorrectlyTask.java","lineNumber":25},{"declaringClass":"co.com.Senasoft.StepsDefinitions.RegisterStepDefinition","methodName":"heEntersIncorrectData","fileName":"RegisterStepDefinition.java","lineNumber":71},{"declaringClass":"cucumber.runner.Runner","methodName":"runPickle","fileName":"Runner.java","lineNumber":80},{"declaringClass":"worker.org.gradle.process.internal.worker.GradleWorkerMain","methodName":"run","fileName":"GradleWorkerMain.java","lineNumber":69},{"declaringClass":"worker.org.gradle.process.internal.worker.GradleWorkerMain","methodName":"main","fileName":"GradleWorkerMain.java","lineNumber":74}],"rootCause":{"errorType":"org.openqa.selenium.TimeoutException","message":"Expected condition failed: waiting for By.xpath: //button[@class\u003d\u0027a83ed08757 c21c56c305 f38b6daa18 d691166b09 ab98298258 deab83296e f4552b6561\u0027] to be enabled (tried for 5 second(s) with 100 milliseconds interval)","stackTrace":[{"declaringClass":"com.co.qvision.tasks.RegisterIncorrectlyTask","methodName":"performAs","fileName":"RegisterIncorrectlyTask.java","lineNumber":25},{"declaringClass":"co.com.Senasoft.StepsDefinitions.RegisterStepDefinition","methodName":"heEntersIncorrectData","fileName":"RegisterStepDefinition.java","lineNumber":71},{"declaringClass":"cucumber.runner.Runner","methodName":"runPickle","fileName":"Runner.java","lineNumber":80},{"declaringClass":"worker.org.gradle.process.internal.worker.GradleWorkerMain","methodName":"run","fileName":"GradleWorkerMain.java","lineNumber":69},{"declaringClass":"worker.org.gradle.process.internal.worker.GradleWorkerMain","methodName":"main","fileName":"GradleWorkerMain.java","lineNumber":74}],"rootCause":{"errorType":"org.openqa.selenium.NoSuchElementException","message":"no such element: Unable to locate element: {\"method\":\"xpath\",\"selector\":\"//button[@class\u003d\u0027a83ed08757 c21c56c305 f38b6daa18 d691166b09 ab98298258 deab83296e f4552b6561\u0027]\"}\n  (Session info: chrome\u003d117.0.5938.92)\nFor documentation on this error, please visit: https://www.seleniumhq.org/exceptions/no_such_element.html\nBuild info: version: \u00273.141.59\u0027, revision: \u0027e82be7d358\u0027, time: \u00272018-11-14T08:17:03\u0027\nSystem info: host: \u0027DESKTOP-59VBOP8\u0027, ip: \u0027172.18.1.252\u0027, os.name: \u0027Windows 10\u0027, os.arch: \u0027amd64\u0027, os.version: \u002710.0\u0027, java.version: \u00271.8.0_161\u0027\nDriver info: org.openqa.selenium.chrome.ChromeDriver\nCapabilities {acceptInsecureCerts: false, browserName: chrome, browserVersion: 117.0.5938.92, chrome: {chromedriverVersion: 116.0.5845.96 (1a3918166880..., userDataDir: C:\\Users\\WS\\AppData\\Local\\T...}, fedcm:accounts: true, goog:chromeOptions: {debuggerAddress: localhost:60091}, javascriptEnabled: true, networkConnectionEnabled: false, pageLoadStrategy: normal, platform: WINDOWS, platformName: WINDOWS, proxy: Proxy(), setWindowRect: true, strictFileInteractability: false, timeouts: {implicit: 0, pageLoad: 300000, script: 30000}, unhandledPromptBehavior: dismiss and notify, webauthn:extension:credBlob: true, webauthn:extension:largeBlob: true, webauthn:extension:minPinLength: true, webauthn:extension:prf: true, webauthn:virtualAuthenticators: true}\nSession ID: 7eba351a0897be4aac0fedf16aa70746\n*** Element info: {Using\u003dxpath, value\u003d//button[@class\u003d\u0027a83ed08757 c21c56c305 f38b6daa18 d691166b09 ab98298258 deab83296e f4552b6561\u0027]}","stackTrace":[{"declaringClass":"com.co.qvision.tasks.RegisterIncorrectlyTask","methodName":"performAs","fileName":"RegisterIncorrectlyTask.java","lineNumber":25},{"declaringClass":"co.com.Senasoft.StepsDefinitions.RegisterStepDefinition","methodName":"heEntersIncorrectData","fileName":"RegisterStepDefinition.java","lineNumber":71},{"declaringClass":"cucumber.runner.Runner","methodName":"runPickle","fileName":"Runner.java","lineNumber":80},{"declaringClass":"worker.org.gradle.process.internal.worker.GradleWorkerMain","methodName":"run","fileName":"GradleWorkerMain.java","lineNumber":69},{"declaringClass":"worker.org.gradle.process.internal.worker.GradleWorkerMain","methodName":"main","fileName":"GradleWorkerMain.java","lineNumber":74}]}}},"result":"FAILURE","precondition":false,"level":0,"children":[{"number":4,"description":"User register incorrectly task","duration":7243,"startTime":"2023-09-27T17:22:59.895-05:00[America/Bogota]","screenshots":[{"screenshot":"cf2040ccadb42e5ed9380c4c4827eee707c7a82b3f68e4eea2d2a4d8392720b8.png","timeStamp":1695853379901}],"exception":{"errorType":"net.thucydides.core.webdriver.exceptions.ElementShouldBeEnabledException","message":"Expected enabled element was not enabled","stackTrace":[{"declaringClass":"com.co.qvision.tasks.RegisterIncorrectlyTask","methodName":"performAs","fileName":"RegisterIncorrectlyTask.java","lineNumber":25},{"declaringClass":"co.com.Senasoft.StepsDefinitions.RegisterStepDefinition","methodName":"heEntersIncorrectData","fileName":"RegisterStepDefinition.java","lineNumber":71},{"declaringClass":"cucumber.runner.Runner","methodName":"runPickle","fileName":"Runner.java","lineNumber":80},{"declaringClass":"worker.org.gradle.process.internal.worker.GradleWorkerMain","methodName":"run","fileName":"GradleWorkerMain.java","lineNumber":69},{"declaringClass":"worker.org.gradle.process.internal.worker.GradleWorkerMain","methodName":"main","fileName":"GradleWorkerMain.java","lineNumber":74}],"rootCause":{"errorType":"org.openqa.selenium.TimeoutException","message":"Expected condition failed: waiting for By.xpath: //button[@class\u003d\u0027a83ed08757 c21c56c305 f38b6daa18 d691166b09 ab98298258 deab83296e f4552b6561\u0027] to be enabled (tried for 5 second(s) with 100 milliseconds interval)","stackTrace":[{"declaringClass":"com.co.qvision.tasks.RegisterIncorrectlyTask","methodName":"performAs","fileName":"RegisterIncorrectlyTask.java","lineNumber":25},{"declaringClass":"co.com.Senasoft.StepsDefinitions.RegisterStepDefinition","methodName":"heEntersIncorrectData","fileName":"RegisterStepDefinition.java","lineNumber":71},{"declaringClass":"cucumber.runner.Runner","methodName":"runPickle","fileName":"Runner.java","lineNumber":80},{"declaringClass":"worker.org.gradle.process.internal.worker.GradleWorkerMain","methodName":"run","fileName":"GradleWorkerMain.java","lineNumber":69},{"declaringClass":"worker.org.gradle.process.internal.worker.GradleWorkerMain","methodName":"main","fileName":"GradleWorkerMain.java","lineNumber":74}],"rootCause":{"errorType":"org.openqa.selenium.NoSuchElementException","message":"no such element: Unable to locate element: {\"method\":\"xpath\",\"selector\":\"//button[@class\u003d\u0027a83ed08757 c21c56c305 f38b6daa18 d691166b09 ab98298258 deab83296e f4552b6561\u0027]\"}\n  (Session info: chrome\u003d117.0.5938.92)\nFor documentation on this error, please visit: https://www.seleniumhq.org/exceptions/no_such_element.html\nBuild info: version: \u00273.141.59\u0027, revision: \u0027e82be7d358\u0027, time: \u00272018-11-14T08:17:03\u0027\nSystem info: host: \u0027DESKTOP-59VBOP8\u0027, ip: \u0027172.18.1.252\u0027, os.name: \u0027Windows 10\u0027, os.arch: \u0027amd64\u0027, os.version: \u002710.0\u0027, java.version: \u00271.8.0_161\u0027\nDriver info: org.openqa.selenium.chrome.ChromeDriver\nCapabilities {acceptInsecureCerts: false, browserName: chrome, browserVersion: 117.0.5938.92, chrome: {chromedriverVersion: 116.0.5845.96 (1a3918166880..., userDataDir: C:\\Users\\WS\\AppData\\Local\\T...}, fedcm:accounts: true, goog:chromeOptions: {debuggerAddress: localhost:60091}, javascriptEnabled: true, networkConnectionEnabled: false, pageLoadStrategy: normal, platform: WINDOWS, platformName: WINDOWS, proxy: Proxy(), setWindowRect: true, strictFileInteractability: false, timeouts: {implicit: 0, pageLoad: 300000, script: 30000}, unhandledPromptBehavior: dismiss and notify, webauthn:extension:credBlob: true, webauthn:extension:largeBlob: true, webauthn:extension:minPinLength: true, webauthn:extension:prf: true, webauthn:virtualAuthenticators: true}\nSession ID: 7eba351a0897be4aac0fedf16aa70746\n*** Element info: {Using\u003dxpath, value\u003d//button[@class\u003d\u0027a83ed08757 c21c56c305 f38b6daa18 d691166b09 ab98298258 deab83296e f4552b6561\u0027]}","stackTrace":[{"declaringClass":"com.co.qvision.tasks.RegisterIncorrectlyTask","methodName":"performAs","fileName":"RegisterIncorrectlyTask.java","lineNumber":25},{"declaringClass":"co.com.Senasoft.StepsDefinitions.RegisterStepDefinition","methodName":"heEntersIncorrectData","fileName":"RegisterStepDefinition.java","lineNumber":71},{"declaringClass":"cucumber.runner.Runner","methodName":"runPickle","fileName":"Runner.java","lineNumber":80},{"declaringClass":"worker.org.gradle.process.internal.worker.GradleWorkerMain","methodName":"run","fileName":"GradleWorkerMain.java","lineNumber":69},{"declaringClass":"worker.org.gradle.process.internal.worker.GradleWorkerMain","methodName":"main","fileName":"GradleWorkerMain.java","lineNumber":74}]}}},"result":"FAILURE","precondition":false,"level":1,"children":[{"number":5,"description":"User clicks on CLICK EN EL BOTON","duration":7205,"startTime":"2023-09-27T17:22:59.912-05:00[America/Bogota]","screenshots":[{"screenshot":"4fe877157112d1305687d78f3a5ca63b1deef4d528fcab5d90852ceeeebb44d9.png","htmlSource":"pagesource6642345256910889420.html.txt","timeStamp":1695853387101}],"exception":{"errorType":"net.thucydides.core.webdriver.exceptions.ElementShouldBeEnabledException","message":"Expected enabled element was not enabled","stackTrace":[{"declaringClass":"com.co.qvision.tasks.RegisterIncorrectlyTask","methodName":"performAs","fileName":"RegisterIncorrectlyTask.java","lineNumber":25},{"declaringClass":"co.com.Senasoft.StepsDefinitions.RegisterStepDefinition","methodName":"heEntersIncorrectData","fileName":"RegisterStepDefinition.java","lineNumber":71},{"declaringClass":"cucumber.runner.Runner","methodName":"runPickle","fileName":"Runner.java","lineNumber":80},{"declaringClass":"worker.org.gradle.process.internal.worker.GradleWorkerMain","methodName":"run","fileName":"GradleWorkerMain.java","lineNumber":69},{"declaringClass":"worker.org.gradle.process.internal.worker.GradleWorkerMain","methodName":"main","fileName":"GradleWorkerMain.java","lineNumber":74}],"rootCause":{"errorType":"org.openqa.selenium.TimeoutException","message":"Expected condition failed: waiting for By.xpath: //button[@class\u003d\u0027a83ed08757 c21c56c305 f38b6daa18 d691166b09 ab98298258 deab83296e f4552b6561\u0027] to be enabled (tried for 5 second(s) with 100 milliseconds interval)","stackTrace":[{"declaringClass":"com.co.qvision.tasks.RegisterIncorrectlyTask","methodName":"performAs","fileName":"RegisterIncorrectlyTask.java","lineNumber":25},{"declaringClass":"co.com.Senasoft.StepsDefinitions.RegisterStepDefinition","methodName":"heEntersIncorrectData","fileName":"RegisterStepDefinition.java","lineNumber":71},{"declaringClass":"cucumber.runner.Runner","methodName":"runPickle","fileName":"Runner.java","lineNumber":80},{"declaringClass":"worker.org.gradle.process.internal.worker.GradleWorkerMain","methodName":"run","fileName":"GradleWorkerMain.java","lineNumber":69},{"declaringClass":"worker.org.gradle.process.internal.worker.GradleWorkerMain","methodName":"main","fileName":"GradleWorkerMain.java","lineNumber":74}],"rootCause":{"errorType":"org.openqa.selenium.NoSuchElementException","message":"no such element: Unable to locate element: {\"method\":\"xpath\",\"selector\":\"//button[@class\u003d\u0027a83ed08757 c21c56c305 f38b6daa18 d691166b09 ab98298258 deab83296e f4552b6561\u0027]\"}\n  (Session info: chrome\u003d117.0.5938.92)\nFor documentation on this error, please visit: https://www.seleniumhq.org/exceptions/no_such_element.html\nBuild info: version: \u00273.141.59\u0027, revision: \u0027e82be7d358\u0027, time: \u00272018-11-14T08:17:03\u0027\nSystem info: host: \u0027DESKTOP-59VBOP8\u0027, ip: \u0027172.18.1.252\u0027, os.name: \u0027Windows 10\u0027, os.arch: \u0027amd64\u0027, os.version: \u002710.0\u0027, java.version: \u00271.8.0_161\u0027\nDriver info: org.openqa.selenium.chrome.ChromeDriver\nCapabilities {acceptInsecureCerts: false, browserName: chrome, browserVersion: 117.0.5938.92, chrome: {chromedriverVersion: 116.0.5845.96 (1a3918166880..., userDataDir: C:\\Users\\WS\\AppData\\Local\\T...}, fedcm:accounts: true, goog:chromeOptions: {debuggerAddress: localhost:60091}, javascriptEnabled: true, networkConnectionEnabled: false, pageLoadStrategy: normal, platform: WINDOWS, platformName: WINDOWS, proxy: Proxy(), setWindowRect: true, strictFileInteractability: false, timeouts: {implicit: 0, pageLoad: 300000, script: 30000}, unhandledPromptBehavior: dismiss and notify, webauthn:extension:credBlob: true, webauthn:extension:largeBlob: true, webauthn:extension:minPinLength: true, webauthn:extension:prf: true, webauthn:virtualAuthenticators: true}\nSession ID: 7eba351a0897be4aac0fedf16aa70746\n*** Element info: {Using\u003dxpath, value\u003d//button[@class\u003d\u0027a83ed08757 c21c56c305 f38b6daa18 d691166b09 ab98298258 deab83296e f4552b6561\u0027]}","stackTrace":[{"declaringClass":"com.co.qvision.tasks.RegisterIncorrectlyTask","methodName":"performAs","fileName":"RegisterIncorrectlyTask.java","lineNumber":25},{"declaringClass":"co.com.Senasoft.StepsDefinitions.RegisterStepDefinition","methodName":"heEntersIncorrectData","fileName":"RegisterStepDefinition.java","lineNumber":71},{"declaringClass":"cucumber.runner.Runner","methodName":"runPickle","fileName":"Runner.java","lineNumber":80},{"declaringClass":"worker.org.gradle.process.internal.worker.GradleWorkerMain","methodName":"run","fileName":"GradleWorkerMain.java","lineNumber":69},{"declaringClass":"worker.org.gradle.process.internal.worker.GradleWorkerMain","methodName":"main","fileName":"GradleWorkerMain.java","lineNumber":74}]}}},"result":"FAILURE","precondition":false,"level":2}]}]},{"number":6,"description":"Then he cannot make a successful registration.","duration":8,"startTime":"2023-09-27T17:23:07.180-05:00[America/Bogota]","result":"SKIPPED","precondition":false,"level":0}],"userStory":{"id":"register","storyName":"Register","path":"src/test/resources/features/register.feature","narrative":"  that he user can register correctly","type":"feature"},"featureTag":{"name":"Features/Register","type":"feature","displayName":"Features/Register"},"title":"incorrect registratio","backgroundTitle":"","backgroundDescription":"","tags":[{"name":"incorrectregistration","type":"tag","displayName":"incorrectregistration"},{"name":"Register","type":"feature","displayName":"Register"}],"startTime":"2023-09-27T17:22:55.311-05:00[America/Bogota]","duration":11879,"testFailureCause":{"errorType":"net.thucydides.core.webdriver.exceptions.ElementShouldBeEnabledException","message":"Expected enabled element was not enabled","stackTrace":[{"declaringClass":"com.co.qvision.tasks.RegisterIncorrectlyTask","methodName":"performAs","fileName":"RegisterIncorrectlyTask.java","lineNumber":25},{"declaringClass":"co.com.Senasoft.StepsDefinitions.RegisterStepDefinition","methodName":"heEntersIncorrectData","fileName":"RegisterStepDefinition.java","lineNumber":71},{"declaringClass":"cucumber.runner.Runner","methodName":"runPickle","fileName":"Runner.java","lineNumber":80},{"declaringClass":"worker.org.gradle.process.internal.worker.GradleWorkerMain","methodName":"run","fileName":"GradleWorkerMain.java","lineNumber":69},{"declaringClass":"worker.org.gradle.process.internal.worker.GradleWorkerMain","methodName":"main","fileName":"GradleWorkerMain.java","lineNumber":74}],"rootCause":{"errorType":"org.openqa.selenium.TimeoutException","message":"Expected condition failed: waiting for By.xpath: //button[@class\u003d\u0027a83ed08757 c21c56c305 f38b6daa18 d691166b09 ab98298258 deab83296e f4552b6561\u0027] to be enabled (tried for 5 second(s) with 100 milliseconds interval)","stackTrace":[{"declaringClass":"com.co.qvision.tasks.RegisterIncorrectlyTask","methodName":"performAs","fileName":"RegisterIncorrectlyTask.java","lineNumber":25},{"declaringClass":"co.com.Senasoft.StepsDefinitions.RegisterStepDefinition","methodName":"heEntersIncorrectData","fileName":"RegisterStepDefinition.java","lineNumber":71},{"declaringClass":"cucumber.runner.Runner","methodName":"runPickle","fileName":"Runner.java","lineNumber":80},{"declaringClass":"worker.org.gradle.process.internal.worker.GradleWorkerMain","methodName":"run","fileName":"GradleWorkerMain.java","lineNumber":69},{"declaringClass":"worker.org.gradle.process.internal.worker.GradleWorkerMain","methodName":"main","fileName":"GradleWorkerMain.java","lineNumber":74}],"rootCause":{"errorType":"org.openqa.selenium.NoSuchElementException","message":"no such element: Unable to locate element: {\"method\":\"xpath\",\"selector\":\"//button[@class\u003d\u0027a83ed08757 c21c56c305 f38b6daa18 d691166b09 ab98298258 deab83296e f4552b6561\u0027]\"}\n  (Session info: chrome\u003d117.0.5938.92)\nFor documentation on this error, please visit: https://www.seleniumhq.org/exceptions/no_such_element.html\nBuild info: version: \u00273.141.59\u0027, revision: \u0027e82be7d358\u0027, time: \u00272018-11-14T08:17:03\u0027\nSystem info: host: \u0027DESKTOP-59VBOP8\u0027, ip: \u0027172.18.1.252\u0027, os.name: \u0027Windows 10\u0027, os.arch: \u0027amd64\u0027, os.version: \u002710.0\u0027, java.version: \u00271.8.0_161\u0027\nDriver info: org.openqa.selenium.chrome.ChromeDriver\nCapabilities {acceptInsecureCerts: false, browserName: chrome, browserVersion: 117.0.5938.92, chrome: {chromedriverVersion: 116.0.5845.96 (1a3918166880..., userDataDir: C:\\Users\\WS\\AppData\\Local\\T...}, fedcm:accounts: true, goog:chromeOptions: {debuggerAddress: localhost:60091}, javascriptEnabled: true, networkConnectionEnabled: false, pageLoadStrategy: normal, platform: WINDOWS, platformName: WINDOWS, proxy: Proxy(), setWindowRect: true, strictFileInteractability: false, timeouts: {implicit: 0, pageLoad: 300000, script: 30000}, unhandledPromptBehavior: dismiss and notify, webauthn:extension:credBlob: true, webauthn:extension:largeBlob: true, webauthn:extension:minPinLength: true, webauthn:extension:prf: true, webauthn:virtualAuthenticators: true}\nSession ID: 7eba351a0897be4aac0fedf16aa70746\n*** Element info: {Using\u003dxpath, value\u003d//button[@class\u003d\u0027a83ed08757 c21c56c305 f38b6daa18 d691166b09 ab98298258 deab83296e f4552b6561\u0027]}","stackTrace":[{"declaringClass":"com.co.qvision.tasks.RegisterIncorrectlyTask","methodName":"performAs","fileName":"RegisterIncorrectlyTask.java","lineNumber":25},{"declaringClass":"co.com.Senasoft.StepsDefinitions.RegisterStepDefinition","methodName":"heEntersIncorrectData","fileName":"RegisterStepDefinition.java","lineNumber":71},{"declaringClass":"cucumber.runner.Runner","methodName":"runPickle","fileName":"Runner.java","lineNumber":80},{"declaringClass":"worker.org.gradle.process.internal.worker.GradleWorkerMain","methodName":"run","fileName":"GradleWorkerMain.java","lineNumber":69},{"declaringClass":"worker.org.gradle.process.internal.worker.GradleWorkerMain","methodName":"main","fileName":"GradleWorkerMain.java","lineNumber":74}]}}},"testFailureClassname":"net.thucydides.core.webdriver.exceptions.ElementShouldBeEnabledException","testFailureMessage":"Expected enabled element was not enabled","testFailureSummary":"FAILURE;net.thucydides.core.webdriver.exceptions.ElementShouldBeEnabledException;Expected enabled element was not enabled;RegisterIncorrectlyTask.java","projectKey":"","annotatedResult":"FAILURE","sessionId":"7eba351a0897be4aac0fedf16aa70746","driver":"chrome","isManualTestingUpToDate":false,"manual":false,"testSource":"Cucumber","actors":[{"name":"User","can":["browse the web"]}],"result":"FAILURE"}