{"name":"Wrong Login","id":"login;wrong-login","testSteps":[{"number":1,"description":"Given he user enters the website","duration":4007,"startTime":"2023-09-28T04:55:16.654-05:00[America/Bogota]","screenshots":[{"screenshot":"9876f8e2f811203244ed607543156982fa49c1da34c39b68b300d9a1c2e2de81.png","timeStamp":1695894920661}],"result":"SUCCESS","precondition":false,"level":0,"children":[{"number":2,"description":"User opens the https://www.booking.com/index.es.html?label\u003des-co-booking-desktop-QLGRvVsXz2aps*_lUmd*1gS652804041077%3Apl%3Ata%3Ap1%3Ap2%3Aac%3Aap%3Aneg%3Afi%3Atikwd-102518000%3Alp1003665%3Ali%3Adec%3Adm\u0026gclid\u003dCjwKCAjwgsqoBhBNEiwAwe5w077TiV0TUdUzYfYh1-6VJKeaKbN97OQud8lSIPgn5wWrkdyjhOGSYRoCtLEQAvD_BwE\u0026aid\u003d2336990\u0026sid\u003d91faa5accfec39eacfbf6ac0adf3e1d7","duration":4003,"startTime":"2023-09-28T04:55:16.656-05:00[America/Bogota]","screenshots":[{"screenshot":"9876f8e2f811203244ed607543156982fa49c1da34c39b68b300d9a1c2e2de81.png","timeStamp":1695894920659}],"result":"SUCCESS","precondition":false,"level":1}]},{"number":3,"description":"When he clicks on the login type your credentials incorrectly\r\n| email | password |\r\n| lenovo.esucre@gmail.com. | Rosa324567 |","duration":6639,"startTime":"2023-09-28T04:55:20.662-05:00[America/Bogota]","screenshots":[{"screenshot":"9876f8e2f811203244ed607543156982fa49c1da34c39b68b300d9a1c2e2de81.png","timeStamp":1695894920663}],"exception":{"errorType":"net.thucydides.core.webdriver.exceptions.ElementShouldBeEnabledException","message":"Expected enabled element was not enabled","stackTrace":[{"declaringClass":"com.co.qvision.tasks.WronLoginTask","methodName":"performAs","fileName":"WronLoginTask.java","lineNumber":27},{"declaringClass":"co.com.Senasoft.StepsDefinitions.LoginStepDefinition","methodName":"heClicksOnTheLoginTypeYourCredentialsIncorrectly","fileName":"LoginStepDefinition.java","lineNumber":26},{"declaringClass":"cucumber.runner.Runner","methodName":"runPickle","fileName":"Runner.java","lineNumber":80}],"rootCause":{"errorType":"org.openqa.selenium.TimeoutException","message":"Expected condition failed: waiting for By.xpath: //button[@class\u003d\u0027a83ed08757 c21c56c305 f38b6daa18 d691166b09 ab98298258 deab83296e f4552b6561\u0027] to be enabled (tried for 5 second(s) with 100 milliseconds interval)","stackTrace":[{"declaringClass":"com.co.qvision.tasks.WronLoginTask","methodName":"performAs","fileName":"WronLoginTask.java","lineNumber":27},{"declaringClass":"co.com.Senasoft.StepsDefinitions.LoginStepDefinition","methodName":"heClicksOnTheLoginTypeYourCredentialsIncorrectly","fileName":"LoginStepDefinition.java","lineNumber":26},{"declaringClass":"cucumber.runner.Runner","methodName":"runPickle","fileName":"Runner.java","lineNumber":80}],"rootCause":{"errorType":"org.openqa.selenium.NoSuchElementException","message":"no such element: Unable to locate element: {\"method\":\"xpath\",\"selector\":\"//button[@class\u003d\u0027a83ed08757 c21c56c305 f38b6daa18 d691166b09 ab98298258 deab83296e f4552b6561\u0027]\"}\n  (Session info: chrome\u003d117.0.5938.132)\nFor documentation on this error, please visit: https://www.seleniumhq.org/exceptions/no_such_element.html\nBuild info: version: \u00273.141.59\u0027, revision: \u0027e82be7d358\u0027, time: \u00272018-11-14T08:17:03\u0027\nSystem info: host: \u0027PC-4\u0027, ip: \u0027192.168.0.138\u0027, os.name: \u0027Windows 10\u0027, os.arch: \u0027amd64\u0027, os.version: \u002710.0\u0027, java.version: \u00271.8.0_161\u0027\nDriver info: org.openqa.selenium.chrome.ChromeDriver\nCapabilities {acceptInsecureCerts: false, browserName: chrome, browserVersion: 117.0.5938.132, chrome: {chromedriverVersion: 116.0.5845.96 (1a3918166880..., userDataDir: C:\\Users\\ASUS\\AppData\\Local...}, fedcm:accounts: true, goog:chromeOptions: {debuggerAddress: localhost:59374}, javascriptEnabled: true, networkConnectionEnabled: false, pageLoadStrategy: normal, platform: WINDOWS, platformName: WINDOWS, proxy: Proxy(), setWindowRect: true, strictFileInteractability: false, timeouts: {implicit: 0, pageLoad: 300000, script: 30000}, unhandledPromptBehavior: dismiss and notify, webauthn:extension:credBlob: true, webauthn:extension:largeBlob: true, webauthn:extension:minPinLength: true, webauthn:extension:prf: true, webauthn:virtualAuthenticators: true}\nSession ID: b06f303236c5ac36f7fd6917d44b8607\n*** Element info: {Using\u003dxpath, value\u003d//button[@class\u003d\u0027a83ed08757 c21c56c305 f38b6daa18 d691166b09 ab98298258 deab83296e f4552b6561\u0027]}","stackTrace":[{"declaringClass":"com.co.qvision.tasks.WronLoginTask","methodName":"performAs","fileName":"WronLoginTask.java","lineNumber":27},{"declaringClass":"co.com.Senasoft.StepsDefinitions.LoginStepDefinition","methodName":"heClicksOnTheLoginTypeYourCredentialsIncorrectly","fileName":"LoginStepDefinition.java","lineNumber":26},{"declaringClass":"cucumber.runner.Runner","methodName":"runPickle","fileName":"Runner.java","lineNumber":80}]}}},"result":"FAILURE","precondition":false,"level":0,"children":[{"number":4,"description":"User wron login task","duration":6629,"startTime":"2023-09-28T04:55:20.670-05:00[America/Bogota]","screenshots":[{"screenshot":"9876f8e2f811203244ed607543156982fa49c1da34c39b68b300d9a1c2e2de81.png","timeStamp":1695894920671}],"exception":{"errorType":"net.thucydides.core.webdriver.exceptions.ElementShouldBeEnabledException","message":"Expected enabled element was not enabled","stackTrace":[{"declaringClass":"com.co.qvision.tasks.WronLoginTask","methodName":"performAs","fileName":"WronLoginTask.java","lineNumber":27},{"declaringClass":"co.com.Senasoft.StepsDefinitions.LoginStepDefinition","methodName":"heClicksOnTheLoginTypeYourCredentialsIncorrectly","fileName":"LoginStepDefinition.java","lineNumber":26},{"declaringClass":"cucumber.runner.Runner","methodName":"runPickle","fileName":"Runner.java","lineNumber":80}],"rootCause":{"errorType":"org.openqa.selenium.TimeoutException","message":"Expected condition failed: waiting for By.xpath: //button[@class\u003d\u0027a83ed08757 c21c56c305 f38b6daa18 d691166b09 ab98298258 deab83296e f4552b6561\u0027] to be enabled (tried for 5 second(s) with 100 milliseconds interval)","stackTrace":[{"declaringClass":"com.co.qvision.tasks.WronLoginTask","methodName":"performAs","fileName":"WronLoginTask.java","lineNumber":27},{"declaringClass":"co.com.Senasoft.StepsDefinitions.LoginStepDefinition","methodName":"heClicksOnTheLoginTypeYourCredentialsIncorrectly","fileName":"LoginStepDefinition.java","lineNumber":26},{"declaringClass":"cucumber.runner.Runner","methodName":"runPickle","fileName":"Runner.java","lineNumber":80}],"rootCause":{"errorType":"org.openqa.selenium.NoSuchElementException","message":"no such element: Unable to locate element: {\"method\":\"xpath\",\"selector\":\"//button[@class\u003d\u0027a83ed08757 c21c56c305 f38b6daa18 d691166b09 ab98298258 deab83296e f4552b6561\u0027]\"}\n  (Session info: chrome\u003d117.0.5938.132)\nFor documentation on this error, please visit: https://www.seleniumhq.org/exceptions/no_such_element.html\nBuild info: version: \u00273.141.59\u0027, revision: \u0027e82be7d358\u0027, time: \u00272018-11-14T08:17:03\u0027\nSystem info: host: \u0027PC-4\u0027, ip: \u0027192.168.0.138\u0027, os.name: \u0027Windows 10\u0027, os.arch: \u0027amd64\u0027, os.version: \u002710.0\u0027, java.version: \u00271.8.0_161\u0027\nDriver info: org.openqa.selenium.chrome.ChromeDriver\nCapabilities {acceptInsecureCerts: false, browserName: chrome, browserVersion: 117.0.5938.132, chrome: {chromedriverVersion: 116.0.5845.96 (1a3918166880..., userDataDir: C:\\Users\\ASUS\\AppData\\Local...}, fedcm:accounts: true, goog:chromeOptions: {debuggerAddress: localhost:59374}, javascriptEnabled: true, networkConnectionEnabled: false, pageLoadStrategy: normal, platform: WINDOWS, platformName: WINDOWS, proxy: Proxy(), setWindowRect: true, strictFileInteractability: false, timeouts: {implicit: 0, pageLoad: 300000, script: 30000}, unhandledPromptBehavior: dismiss and notify, webauthn:extension:credBlob: true, webauthn:extension:largeBlob: true, webauthn:extension:minPinLength: true, webauthn:extension:prf: true, webauthn:virtualAuthenticators: true}\nSession ID: b06f303236c5ac36f7fd6917d44b8607\n*** Element info: {Using\u003dxpath, value\u003d//button[@class\u003d\u0027a83ed08757 c21c56c305 f38b6daa18 d691166b09 ab98298258 deab83296e f4552b6561\u0027]}","stackTrace":[{"declaringClass":"com.co.qvision.tasks.WronLoginTask","methodName":"performAs","fileName":"WronLoginTask.java","lineNumber":27},{"declaringClass":"co.com.Senasoft.StepsDefinitions.LoginStepDefinition","methodName":"heClicksOnTheLoginTypeYourCredentialsIncorrectly","fileName":"LoginStepDefinition.java","lineNumber":26},{"declaringClass":"cucumber.runner.Runner","methodName":"runPickle","fileName":"Runner.java","lineNumber":80}]}}},"result":"FAILURE","precondition":false,"level":1,"children":[{"number":5,"description":"User clicks on CLICK EN EL BOTON","duration":6615,"startTime":"2023-09-28T04:55:20.682-05:00[America/Bogota]","screenshots":[{"screenshot":"51788f889d93a7f51e47f9e27446279892e244bd9b4af44e3c0144c40b46dd69.png","htmlSource":"pagesource702835651586534050.html.txt","timeStamp":1695894927296}],"exception":{"errorType":"net.thucydides.core.webdriver.exceptions.ElementShouldBeEnabledException","message":"Expected enabled element was not enabled","stackTrace":[{"declaringClass":"com.co.qvision.tasks.WronLoginTask","methodName":"performAs","fileName":"WronLoginTask.java","lineNumber":27},{"declaringClass":"co.com.Senasoft.StepsDefinitions.LoginStepDefinition","methodName":"heClicksOnTheLoginTypeYourCredentialsIncorrectly","fileName":"LoginStepDefinition.java","lineNumber":26},{"declaringClass":"cucumber.runner.Runner","methodName":"runPickle","fileName":"Runner.java","lineNumber":80}],"rootCause":{"errorType":"org.openqa.selenium.TimeoutException","message":"Expected condition failed: waiting for By.xpath: //button[@class\u003d\u0027a83ed08757 c21c56c305 f38b6daa18 d691166b09 ab98298258 deab83296e f4552b6561\u0027] to be enabled (tried for 5 second(s) with 100 milliseconds interval)","stackTrace":[{"declaringClass":"com.co.qvision.tasks.WronLoginTask","methodName":"performAs","fileName":"WronLoginTask.java","lineNumber":27},{"declaringClass":"co.com.Senasoft.StepsDefinitions.LoginStepDefinition","methodName":"heClicksOnTheLoginTypeYourCredentialsIncorrectly","fileName":"LoginStepDefinition.java","lineNumber":26},{"declaringClass":"cucumber.runner.Runner","methodName":"runPickle","fileName":"Runner.java","lineNumber":80}],"rootCause":{"errorType":"org.openqa.selenium.NoSuchElementException","message":"no such element: Unable to locate element: {\"method\":\"xpath\",\"selector\":\"//button[@class\u003d\u0027a83ed08757 c21c56c305 f38b6daa18 d691166b09 ab98298258 deab83296e f4552b6561\u0027]\"}\n  (Session info: chrome\u003d117.0.5938.132)\nFor documentation on this error, please visit: https://www.seleniumhq.org/exceptions/no_such_element.html\nBuild info: version: \u00273.141.59\u0027, revision: \u0027e82be7d358\u0027, time: \u00272018-11-14T08:17:03\u0027\nSystem info: host: \u0027PC-4\u0027, ip: \u0027192.168.0.138\u0027, os.name: \u0027Windows 10\u0027, os.arch: \u0027amd64\u0027, os.version: \u002710.0\u0027, java.version: \u00271.8.0_161\u0027\nDriver info: org.openqa.selenium.chrome.ChromeDriver\nCapabilities {acceptInsecureCerts: false, browserName: chrome, browserVersion: 117.0.5938.132, chrome: {chromedriverVersion: 116.0.5845.96 (1a3918166880..., userDataDir: C:\\Users\\ASUS\\AppData\\Local...}, fedcm:accounts: true, goog:chromeOptions: {debuggerAddress: localhost:59374}, javascriptEnabled: true, networkConnectionEnabled: false, pageLoadStrategy: normal, platform: WINDOWS, platformName: WINDOWS, proxy: Proxy(), setWindowRect: true, strictFileInteractability: false, timeouts: {implicit: 0, pageLoad: 300000, script: 30000}, unhandledPromptBehavior: dismiss and notify, webauthn:extension:credBlob: true, webauthn:extension:largeBlob: true, webauthn:extension:minPinLength: true, webauthn:extension:prf: true, webauthn:virtualAuthenticators: true}\nSession ID: b06f303236c5ac36f7fd6917d44b8607\n*** Element info: {Using\u003dxpath, value\u003d//button[@class\u003d\u0027a83ed08757 c21c56c305 f38b6daa18 d691166b09 ab98298258 deab83296e f4552b6561\u0027]}","stackTrace":[{"declaringClass":"com.co.qvision.tasks.WronLoginTask","methodName":"performAs","fileName":"WronLoginTask.java","lineNumber":27},{"declaringClass":"co.com.Senasoft.StepsDefinitions.LoginStepDefinition","methodName":"heClicksOnTheLoginTypeYourCredentialsIncorrectly","fileName":"LoginStepDefinition.java","lineNumber":26},{"declaringClass":"cucumber.runner.Runner","methodName":"runPickle","fileName":"Runner.java","lineNumber":80}]}}},"result":"FAILURE","precondition":false,"level":2}]}]},{"number":6,"description":"Then So it\u0027s a failed login","duration":2,"startTime":"2023-09-28T04:55:27.306-05:00[America/Bogota]","result":"SKIPPED","precondition":false,"level":0}],"userStory":{"id":"login","storyName":"login","path":"src/test/resources/features/login.feature","narrative":"  he user cannot log in satisfactorily","type":"feature"},"featureTag":{"name":"Features/login","type":"feature","displayName":"Features/login"},"title":"Wrong Login","backgroundTitle":"","backgroundDescription":"","tags":[{"name":"wronglogin","type":"tag","displayName":"wronglogin"},{"name":"login","type":"feature","displayName":"login"}],"startTime":"2023-09-28T04:55:16.646-05:00[America/Bogota]","duration":10663,"testFailureCause":{"errorType":"net.thucydides.core.webdriver.exceptions.ElementShouldBeEnabledException","message":"Expected enabled element was not enabled","stackTrace":[{"declaringClass":"com.co.qvision.tasks.WronLoginTask","methodName":"performAs","fileName":"WronLoginTask.java","lineNumber":27},{"declaringClass":"co.com.Senasoft.StepsDefinitions.LoginStepDefinition","methodName":"heClicksOnTheLoginTypeYourCredentialsIncorrectly","fileName":"LoginStepDefinition.java","lineNumber":26},{"declaringClass":"cucumber.runner.Runner","methodName":"runPickle","fileName":"Runner.java","lineNumber":80}],"rootCause":{"errorType":"org.openqa.selenium.TimeoutException","message":"Expected condition failed: waiting for By.xpath: //button[@class\u003d\u0027a83ed08757 c21c56c305 f38b6daa18 d691166b09 ab98298258 deab83296e f4552b6561\u0027] to be enabled (tried for 5 second(s) with 100 milliseconds interval)","stackTrace":[{"declaringClass":"com.co.qvision.tasks.WronLoginTask","methodName":"performAs","fileName":"WronLoginTask.java","lineNumber":27},{"declaringClass":"co.com.Senasoft.StepsDefinitions.LoginStepDefinition","methodName":"heClicksOnTheLoginTypeYourCredentialsIncorrectly","fileName":"LoginStepDefinition.java","lineNumber":26},{"declaringClass":"cucumber.runner.Runner","methodName":"runPickle","fileName":"Runner.java","lineNumber":80}],"rootCause":{"errorType":"org.openqa.selenium.NoSuchElementException","message":"no such element: Unable to locate element: {\"method\":\"xpath\",\"selector\":\"//button[@class\u003d\u0027a83ed08757 c21c56c305 f38b6daa18 d691166b09 ab98298258 deab83296e f4552b6561\u0027]\"}\n  (Session info: chrome\u003d117.0.5938.132)\nFor documentation on this error, please visit: https://www.seleniumhq.org/exceptions/no_such_element.html\nBuild info: version: \u00273.141.59\u0027, revision: \u0027e82be7d358\u0027, time: \u00272018-11-14T08:17:03\u0027\nSystem info: host: \u0027PC-4\u0027, ip: \u0027192.168.0.138\u0027, os.name: \u0027Windows 10\u0027, os.arch: \u0027amd64\u0027, os.version: \u002710.0\u0027, java.version: \u00271.8.0_161\u0027\nDriver info: org.openqa.selenium.chrome.ChromeDriver\nCapabilities {acceptInsecureCerts: false, browserName: chrome, browserVersion: 117.0.5938.132, chrome: {chromedriverVersion: 116.0.5845.96 (1a3918166880..., userDataDir: C:\\Users\\ASUS\\AppData\\Local...}, fedcm:accounts: true, goog:chromeOptions: {debuggerAddress: localhost:59374}, javascriptEnabled: true, networkConnectionEnabled: false, pageLoadStrategy: normal, platform: WINDOWS, platformName: WINDOWS, proxy: Proxy(), setWindowRect: true, strictFileInteractability: false, timeouts: {implicit: 0, pageLoad: 300000, script: 30000}, unhandledPromptBehavior: dismiss and notify, webauthn:extension:credBlob: true, webauthn:extension:largeBlob: true, webauthn:extension:minPinLength: true, webauthn:extension:prf: true, webauthn:virtualAuthenticators: true}\nSession ID: b06f303236c5ac36f7fd6917d44b8607\n*** Element info: {Using\u003dxpath, value\u003d//button[@class\u003d\u0027a83ed08757 c21c56c305 f38b6daa18 d691166b09 ab98298258 deab83296e f4552b6561\u0027]}","stackTrace":[{"declaringClass":"com.co.qvision.tasks.WronLoginTask","methodName":"performAs","fileName":"WronLoginTask.java","lineNumber":27},{"declaringClass":"co.com.Senasoft.StepsDefinitions.LoginStepDefinition","methodName":"heClicksOnTheLoginTypeYourCredentialsIncorrectly","fileName":"LoginStepDefinition.java","lineNumber":26},{"declaringClass":"cucumber.runner.Runner","methodName":"runPickle","fileName":"Runner.java","lineNumber":80}]}}},"testFailureClassname":"net.thucydides.core.webdriver.exceptions.ElementShouldBeEnabledException","testFailureMessage":"Expected enabled element was not enabled","testFailureSummary":"FAILURE;net.thucydides.core.webdriver.exceptions.ElementShouldBeEnabledException;Expected enabled element was not enabled;WronLoginTask.java","projectKey":"","annotatedResult":"FAILURE","sessionId":"b06f303236c5ac36f7fd6917d44b8607","driver":"chrome","isManualTestingUpToDate":false,"manual":false,"testSource":"Cucumber","actors":[{"name":"User","can":["browse the web"]}],"result":"FAILURE"}