{"name":"Book a failed accommodation","id":"accommodation;book-a-failed-accommodation","testSteps":[{"number":1,"description":"Given the user Enter the website","duration":4613,"startTime":"2023-09-28T04:45:22.644-05:00[America/Bogota]","screenshots":[{"screenshot":"3cf61641d4ca1c25c025a8fab857167024c03878eff92adfc32562979401f3d2.png","timeStamp":1695894327257}],"result":"SUCCESS","precondition":false,"level":0,"children":[{"number":2,"description":"User opens the https://www.booking.com/","duration":4607,"startTime":"2023-09-28T04:45:22.647-05:00[America/Bogota]","screenshots":[{"screenshot":"3cf61641d4ca1c25c025a8fab857167024c03878eff92adfc32562979401f3d2.png","timeStamp":1695894327254}],"result":"SUCCESS","precondition":false,"level":1}]},{"number":3,"description":"When he clicks on the \"Accommodations\" option and writes the incomplete specifications","duration":7302,"startTime":"2023-09-28T04:45:27.258-05:00[America/Bogota]","screenshots":[{"screenshot":"3cf61641d4ca1c25c025a8fab857167024c03878eff92adfc32562979401f3d2.png","timeStamp":1695894327259}],"exception":{"errorType":"net.thucydides.core.webdriver.exceptions.ElementShouldBeEnabledException","message":"Expected enabled element was not enabled","stackTrace":[{"declaringClass":"com.co.qvision.tasks.AccommodationFailedTask","methodName":"performAs","fileName":"AccommodationFailedTask.java","lineNumber":18},{"declaringClass":"co.com.Senasoft.StepsDefinitions.AccommodationStepDefinition","methodName":"heClicksOnTheOptionAndWritesTheIncompleteSpecifications","fileName":"AccommodationStepDefinition.java","lineNumber":79},{"declaringClass":"cucumber.runner.Runner","methodName":"runPickle","fileName":"Runner.java","lineNumber":80}],"rootCause":{"errorType":"org.openqa.selenium.TimeoutException","message":"Expected condition failed: waiting for By.xpath: //button[@class\u003d\u0027d47738b911 b7d08821c3\u0027] to be enabled (tried for 5 second(s) with 100 milliseconds interval)","stackTrace":[{"declaringClass":"com.co.qvision.tasks.AccommodationFailedTask","methodName":"performAs","fileName":"AccommodationFailedTask.java","lineNumber":18},{"declaringClass":"co.com.Senasoft.StepsDefinitions.AccommodationStepDefinition","methodName":"heClicksOnTheOptionAndWritesTheIncompleteSpecifications","fileName":"AccommodationStepDefinition.java","lineNumber":79},{"declaringClass":"cucumber.runner.Runner","methodName":"runPickle","fileName":"Runner.java","lineNumber":80}],"rootCause":{"errorType":"org.openqa.selenium.NoSuchElementException","message":"no such element: Unable to locate element: {\"method\":\"xpath\",\"selector\":\"//button[@class\u003d\u0027d47738b911 b7d08821c3\u0027]\"}\n  (Session info: chrome\u003d117.0.5938.132)\nFor documentation on this error, please visit: https://www.seleniumhq.org/exceptions/no_such_element.html\nBuild info: version: \u00273.141.59\u0027, revision: \u0027e82be7d358\u0027, time: \u00272018-11-14T08:17:03\u0027\nSystem info: host: \u0027PC-4\u0027, ip: \u0027192.168.0.138\u0027, os.name: \u0027Windows 10\u0027, os.arch: \u0027amd64\u0027, os.version: \u002710.0\u0027, java.version: \u00271.8.0_161\u0027\nDriver info: org.openqa.selenium.chrome.ChromeDriver\nCapabilities {acceptInsecureCerts: false, browserName: chrome, browserVersion: 117.0.5938.132, chrome: {chromedriverVersion: 116.0.5845.96 (1a3918166880..., userDataDir: C:\\Users\\ASUS\\AppData\\Local...}, fedcm:accounts: true, goog:chromeOptions: {debuggerAddress: localhost:58746}, javascriptEnabled: true, networkConnectionEnabled: false, pageLoadStrategy: normal, platform: WINDOWS, platformName: WINDOWS, proxy: Proxy(), setWindowRect: true, strictFileInteractability: false, timeouts: {implicit: 0, pageLoad: 300000, script: 30000}, unhandledPromptBehavior: dismiss and notify, webauthn:extension:credBlob: true, webauthn:extension:largeBlob: true, webauthn:extension:minPinLength: true, webauthn:extension:prf: true, webauthn:virtualAuthenticators: true}\nSession ID: ba675b5b185d15d3242491949bb088fe\n*** Element info: {Using\u003dxpath, value\u003d//button[@class\u003d\u0027d47738b911 b7d08821c3\u0027]}","stackTrace":[{"declaringClass":"com.co.qvision.tasks.AccommodationFailedTask","methodName":"performAs","fileName":"AccommodationFailedTask.java","lineNumber":18},{"declaringClass":"co.com.Senasoft.StepsDefinitions.AccommodationStepDefinition","methodName":"heClicksOnTheOptionAndWritesTheIncompleteSpecifications","fileName":"AccommodationStepDefinition.java","lineNumber":79},{"declaringClass":"cucumber.runner.Runner","methodName":"runPickle","fileName":"Runner.java","lineNumber":80}]}}},"result":"FAILURE","precondition":false,"level":0,"children":[{"number":4,"description":"User accommodation failed task","duration":7291,"startTime":"2023-09-28T04:45:27.267-05:00[America/Bogota]","screenshots":[{"screenshot":"3cf61641d4ca1c25c025a8fab857167024c03878eff92adfc32562979401f3d2.png","timeStamp":1695894327269}],"exception":{"errorType":"net.thucydides.core.webdriver.exceptions.ElementShouldBeEnabledException","message":"Expected enabled element was not enabled","stackTrace":[{"declaringClass":"com.co.qvision.tasks.AccommodationFailedTask","methodName":"performAs","fileName":"AccommodationFailedTask.java","lineNumber":18},{"declaringClass":"co.com.Senasoft.StepsDefinitions.AccommodationStepDefinition","methodName":"heClicksOnTheOptionAndWritesTheIncompleteSpecifications","fileName":"AccommodationStepDefinition.java","lineNumber":79},{"declaringClass":"cucumber.runner.Runner","methodName":"runPickle","fileName":"Runner.java","lineNumber":80}],"rootCause":{"errorType":"org.openqa.selenium.TimeoutException","message":"Expected condition failed: waiting for By.xpath: //button[@class\u003d\u0027d47738b911 b7d08821c3\u0027] to be enabled (tried for 5 second(s) with 100 milliseconds interval)","stackTrace":[{"declaringClass":"com.co.qvision.tasks.AccommodationFailedTask","methodName":"performAs","fileName":"AccommodationFailedTask.java","lineNumber":18},{"declaringClass":"co.com.Senasoft.StepsDefinitions.AccommodationStepDefinition","methodName":"heClicksOnTheOptionAndWritesTheIncompleteSpecifications","fileName":"AccommodationStepDefinition.java","lineNumber":79},{"declaringClass":"cucumber.runner.Runner","methodName":"runPickle","fileName":"Runner.java","lineNumber":80}],"rootCause":{"errorType":"org.openqa.selenium.NoSuchElementException","message":"no such element: Unable to locate element: {\"method\":\"xpath\",\"selector\":\"//button[@class\u003d\u0027d47738b911 b7d08821c3\u0027]\"}\n  (Session info: chrome\u003d117.0.5938.132)\nFor documentation on this error, please visit: https://www.seleniumhq.org/exceptions/no_such_element.html\nBuild info: version: \u00273.141.59\u0027, revision: \u0027e82be7d358\u0027, time: \u00272018-11-14T08:17:03\u0027\nSystem info: host: \u0027PC-4\u0027, ip: \u0027192.168.0.138\u0027, os.name: \u0027Windows 10\u0027, os.arch: \u0027amd64\u0027, os.version: \u002710.0\u0027, java.version: \u00271.8.0_161\u0027\nDriver info: org.openqa.selenium.chrome.ChromeDriver\nCapabilities {acceptInsecureCerts: false, browserName: chrome, browserVersion: 117.0.5938.132, chrome: {chromedriverVersion: 116.0.5845.96 (1a3918166880..., userDataDir: C:\\Users\\ASUS\\AppData\\Local...}, fedcm:accounts: true, goog:chromeOptions: {debuggerAddress: localhost:58746}, javascriptEnabled: true, networkConnectionEnabled: false, pageLoadStrategy: normal, platform: WINDOWS, platformName: WINDOWS, proxy: Proxy(), setWindowRect: true, strictFileInteractability: false, timeouts: {implicit: 0, pageLoad: 300000, script: 30000}, unhandledPromptBehavior: dismiss and notify, webauthn:extension:credBlob: true, webauthn:extension:largeBlob: true, webauthn:extension:minPinLength: true, webauthn:extension:prf: true, webauthn:virtualAuthenticators: true}\nSession ID: ba675b5b185d15d3242491949bb088fe\n*** Element info: {Using\u003dxpath, value\u003d//button[@class\u003d\u0027d47738b911 b7d08821c3\u0027]}","stackTrace":[{"declaringClass":"com.co.qvision.tasks.AccommodationFailedTask","methodName":"performAs","fileName":"AccommodationFailedTask.java","lineNumber":18},{"declaringClass":"co.com.Senasoft.StepsDefinitions.AccommodationStepDefinition","methodName":"heClicksOnTheOptionAndWritesTheIncompleteSpecifications","fileName":"AccommodationStepDefinition.java","lineNumber":79},{"declaringClass":"cucumber.runner.Runner","methodName":"runPickle","fileName":"Runner.java","lineNumber":80}]}}},"result":"FAILURE","precondition":false,"level":1,"children":[{"number":5,"description":"User clicks on Ignorar mensaje","duration":597,"startTime":"2023-09-28T04:45:27.274-05:00[America/Bogota]","screenshots":[{"screenshot":"1e5b092a478194aff8df115690e7580945a7903cd153e7433e7c5bfc420f40c6.png","timeStamp":1695894327871}],"result":"SUCCESS","precondition":false,"level":2},{"number":6,"description":"User clicks on Agregar personas","duration":6681,"startTime":"2023-09-28T04:45:27.874-05:00[America/Bogota]","screenshots":[{"screenshot":"1e5b092a478194aff8df115690e7580945a7903cd153e7433e7c5bfc420f40c6.png","timeStamp":1695894327877},{"screenshot":"1b508c0b640241b6a3c272787bfd3aeb694196182fc9c8e499db926bfb5ce112.png","htmlSource":"pagesource5204324654958470126.html.txt","timeStamp":1695894334553}],"exception":{"errorType":"net.thucydides.core.webdriver.exceptions.ElementShouldBeEnabledException","message":"Expected enabled element was not enabled","stackTrace":[{"declaringClass":"com.co.qvision.tasks.AccommodationFailedTask","methodName":"performAs","fileName":"AccommodationFailedTask.java","lineNumber":18},{"declaringClass":"co.com.Senasoft.StepsDefinitions.AccommodationStepDefinition","methodName":"heClicksOnTheOptionAndWritesTheIncompleteSpecifications","fileName":"AccommodationStepDefinition.java","lineNumber":79},{"declaringClass":"cucumber.runner.Runner","methodName":"runPickle","fileName":"Runner.java","lineNumber":80}],"rootCause":{"errorType":"org.openqa.selenium.TimeoutException","message":"Expected condition failed: waiting for By.xpath: //button[@class\u003d\u0027d47738b911 b7d08821c3\u0027] to be enabled (tried for 5 second(s) with 100 milliseconds interval)","stackTrace":[{"declaringClass":"com.co.qvision.tasks.AccommodationFailedTask","methodName":"performAs","fileName":"AccommodationFailedTask.java","lineNumber":18},{"declaringClass":"co.com.Senasoft.StepsDefinitions.AccommodationStepDefinition","methodName":"heClicksOnTheOptionAndWritesTheIncompleteSpecifications","fileName":"AccommodationStepDefinition.java","lineNumber":79},{"declaringClass":"cucumber.runner.Runner","methodName":"runPickle","fileName":"Runner.java","lineNumber":80}],"rootCause":{"errorType":"org.openqa.selenium.NoSuchElementException","message":"no such element: Unable to locate element: {\"method\":\"xpath\",\"selector\":\"//button[@class\u003d\u0027d47738b911 b7d08821c3\u0027]\"}\n  (Session info: chrome\u003d117.0.5938.132)\nFor documentation on this error, please visit: https://www.seleniumhq.org/exceptions/no_such_element.html\nBuild info: version: \u00273.141.59\u0027, revision: \u0027e82be7d358\u0027, time: \u00272018-11-14T08:17:03\u0027\nSystem info: host: \u0027PC-4\u0027, ip: \u0027192.168.0.138\u0027, os.name: \u0027Windows 10\u0027, os.arch: \u0027amd64\u0027, os.version: \u002710.0\u0027, java.version: \u00271.8.0_161\u0027\nDriver info: org.openqa.selenium.chrome.ChromeDriver\nCapabilities {acceptInsecureCerts: false, browserName: chrome, browserVersion: 117.0.5938.132, chrome: {chromedriverVersion: 116.0.5845.96 (1a3918166880..., userDataDir: C:\\Users\\ASUS\\AppData\\Local...}, fedcm:accounts: true, goog:chromeOptions: {debuggerAddress: localhost:58746}, javascriptEnabled: true, networkConnectionEnabled: false, pageLoadStrategy: normal, platform: WINDOWS, platformName: WINDOWS, proxy: Proxy(), setWindowRect: true, strictFileInteractability: false, timeouts: {implicit: 0, pageLoad: 300000, script: 30000}, unhandledPromptBehavior: dismiss and notify, webauthn:extension:credBlob: true, webauthn:extension:largeBlob: true, webauthn:extension:minPinLength: true, webauthn:extension:prf: true, webauthn:virtualAuthenticators: true}\nSession ID: ba675b5b185d15d3242491949bb088fe\n*** Element info: {Using\u003dxpath, value\u003d//button[@class\u003d\u0027d47738b911 b7d08821c3\u0027]}","stackTrace":[{"declaringClass":"com.co.qvision.tasks.AccommodationFailedTask","methodName":"performAs","fileName":"AccommodationFailedTask.java","lineNumber":18},{"declaringClass":"co.com.Senasoft.StepsDefinitions.AccommodationStepDefinition","methodName":"heClicksOnTheOptionAndWritesTheIncompleteSpecifications","fileName":"AccommodationStepDefinition.java","lineNumber":79},{"declaringClass":"cucumber.runner.Runner","methodName":"runPickle","fileName":"Runner.java","lineNumber":80}]}}},"result":"FAILURE","precondition":false,"level":2}]}]},{"number":7,"description":"Then he will see an incomplete field message","duration":2,"startTime":"2023-09-28T04:45:34.566-05:00[America/Bogota]","result":"SKIPPED","precondition":false,"level":0}],"userStory":{"id":"accommodation","storyName":"Accommodation","path":"src/test/resources/features/accommodation.feature","narrative":"  I need to perform actions in the Accommodation module","type":"feature"},"featureTag":{"name":"Features/Accommodation","type":"feature","displayName":"Features/Accommodation"},"title":"Book a failed accommodation","backgroundTitle":"","backgroundDescription":"","tags":[{"name":"Incompletereservation","type":"tag","displayName":"Incompletereservation"},{"name":"Accommodation","type":"feature","displayName":"Accommodation"}],"startTime":"2023-09-28T04:45:22.631-05:00[America/Bogota]","duration":11939,"testFailureCause":{"errorType":"net.thucydides.core.webdriver.exceptions.ElementShouldBeEnabledException","message":"Expected enabled element was not enabled","stackTrace":[{"declaringClass":"com.co.qvision.tasks.AccommodationFailedTask","methodName":"performAs","fileName":"AccommodationFailedTask.java","lineNumber":18},{"declaringClass":"co.com.Senasoft.StepsDefinitions.AccommodationStepDefinition","methodName":"heClicksOnTheOptionAndWritesTheIncompleteSpecifications","fileName":"AccommodationStepDefinition.java","lineNumber":79},{"declaringClass":"cucumber.runner.Runner","methodName":"runPickle","fileName":"Runner.java","lineNumber":80}],"rootCause":{"errorType":"org.openqa.selenium.TimeoutException","message":"Expected condition failed: waiting for By.xpath: //button[@class\u003d\u0027d47738b911 b7d08821c3\u0027] to be enabled (tried for 5 second(s) with 100 milliseconds interval)","stackTrace":[{"declaringClass":"com.co.qvision.tasks.AccommodationFailedTask","methodName":"performAs","fileName":"AccommodationFailedTask.java","lineNumber":18},{"declaringClass":"co.com.Senasoft.StepsDefinitions.AccommodationStepDefinition","methodName":"heClicksOnTheOptionAndWritesTheIncompleteSpecifications","fileName":"AccommodationStepDefinition.java","lineNumber":79},{"declaringClass":"cucumber.runner.Runner","methodName":"runPickle","fileName":"Runner.java","lineNumber":80}],"rootCause":{"errorType":"org.openqa.selenium.NoSuchElementException","message":"no such element: Unable to locate element: {\"method\":\"xpath\",\"selector\":\"//button[@class\u003d\u0027d47738b911 b7d08821c3\u0027]\"}\n  (Session info: chrome\u003d117.0.5938.132)\nFor documentation on this error, please visit: https://www.seleniumhq.org/exceptions/no_such_element.html\nBuild info: version: \u00273.141.59\u0027, revision: \u0027e82be7d358\u0027, time: \u00272018-11-14T08:17:03\u0027\nSystem info: host: \u0027PC-4\u0027, ip: \u0027192.168.0.138\u0027, os.name: \u0027Windows 10\u0027, os.arch: \u0027amd64\u0027, os.version: \u002710.0\u0027, java.version: \u00271.8.0_161\u0027\nDriver info: org.openqa.selenium.chrome.ChromeDriver\nCapabilities {acceptInsecureCerts: false, browserName: chrome, browserVersion: 117.0.5938.132, chrome: {chromedriverVersion: 116.0.5845.96 (1a3918166880..., userDataDir: C:\\Users\\ASUS\\AppData\\Local...}, fedcm:accounts: true, goog:chromeOptions: {debuggerAddress: localhost:58746}, javascriptEnabled: true, networkConnectionEnabled: false, pageLoadStrategy: normal, platform: WINDOWS, platformName: WINDOWS, proxy: Proxy(), setWindowRect: true, strictFileInteractability: false, timeouts: {implicit: 0, pageLoad: 300000, script: 30000}, unhandledPromptBehavior: dismiss and notify, webauthn:extension:credBlob: true, webauthn:extension:largeBlob: true, webauthn:extension:minPinLength: true, webauthn:extension:prf: true, webauthn:virtualAuthenticators: true}\nSession ID: ba675b5b185d15d3242491949bb088fe\n*** Element info: {Using\u003dxpath, value\u003d//button[@class\u003d\u0027d47738b911 b7d08821c3\u0027]}","stackTrace":[{"declaringClass":"com.co.qvision.tasks.AccommodationFailedTask","methodName":"performAs","fileName":"AccommodationFailedTask.java","lineNumber":18},{"declaringClass":"co.com.Senasoft.StepsDefinitions.AccommodationStepDefinition","methodName":"heClicksOnTheOptionAndWritesTheIncompleteSpecifications","fileName":"AccommodationStepDefinition.java","lineNumber":79},{"declaringClass":"cucumber.runner.Runner","methodName":"runPickle","fileName":"Runner.java","lineNumber":80}]}}},"testFailureClassname":"net.thucydides.core.webdriver.exceptions.ElementShouldBeEnabledException","testFailureMessage":"Expected enabled element was not enabled","testFailureSummary":"FAILURE;net.thucydides.core.webdriver.exceptions.ElementShouldBeEnabledException;Expected enabled element was not enabled;AccommodationFailedTask.java","projectKey":"","annotatedResult":"FAILURE","sessionId":"ba675b5b185d15d3242491949bb088fe","driver":"chrome","isManualTestingUpToDate":false,"manual":false,"testSource":"Cucumber","actors":[{"name":"User","can":["browse the web"]}],"result":"FAILURE"}