<?xml version="1.0" encoding="UTF-8"?><testsuite errors="2" failures="1" name="Accommodation" skipped="0" tests="3" time="24.26" timestamp="2023-09-28 04:45:14"><testcase name="Book a successful accommodation"><error message="Superclass has no null constructors but no arguments were given" type="java.lang.IllegalArgumentException">Superclass has no null constructors but no arguments were given</error><system-err>Superclass has no null constructors but no arguments were given&#13;
com.co.qvision.tasks.SearchAccommodationTasks.searchAccommodationTasks(SearchAccommodationTasks.java:62)&#13;
co.com.Senasoft.StepsDefinitions.AccommodationStepDefinition.heClicksOnTheAccommodationsOption(AccommodationStepDefinition.java:47)&#13;
âœ½.he clicks on the Accommodations option(src/test/resources/features/accommodation.feature:10)&#13;
</system-err></testcase><testcase name="Book a failed accommodation"><failure message="Expected enabled element was not enabled" type="net.thucydides.core.webdriver.exceptions.ElementShouldBeEnabledException">Expected enabled element was not enabled</failure><system-err>Expected enabled element was not enabled&#13;
com.co.qvision.tasks.AccommodationFailedTask.performAs(AccommodationFailedTask.java:18)&#13;
co.com.Senasoft.StepsDefinitions.AccommodationStepDefinition.heClicksOnTheOptionAndWritesTheIncompleteSpecifications(AccommodationStepDefinition.java:79)&#13;
cucumber.runner.Runner.runPickle(Runner.java:80)&#13;
</system-err></testcase><testcase name="Search Accommodations Filters successful"><error message="Arity mismatch: Step Definition 'co.com.Senasoft.StepsDefinitions.AccommodationStepDefinition.theIsInTheResultsModuleAndSelectSeveralFilters() in file:/C:/scrrenplay/Screenplaysenasoft2023/build/classes/java/test/' with pattern [^the is in the Results module and select several filters$] is declared with 0 parameters. However, the gherkin step has 1 arguments [Table:[[city], [Popayan]]]. &#10;Step text: the is in the Results module and select several filters" type="cucumber.runtime.CucumberException">Arity mismatch: Step Definition 'co.com.Senasoft.StepsDefinitions.AccommodationStepDefinition.theIsInTheResultsModuleAndSelectSeveralFilters() in file:/C:/scrrenplay/Screenplaysenasoft2023/build/classes/java/test/' with pattern [^the is in the Results module and select several filters$] is declared with 0 parameters. However, the gherkin step has 1 arguments [Table:[[city], [Popayan]]]. 
Step text: the is in the Results module and select several filters</error><system-err>Arity mismatch: Step Definition 'co.com.Senasoft.StepsDefinitions.AccommodationStepDefinition.theIsInTheResultsModuleAndSelectSeveralFilters() in file:/C:/scrrenplay/Screenplaysenasoft2023/build/classes/java/test/' with pattern [^the is in the Results module and select several filters$] is declared with 0 parameters. However, the gherkin step has 1 arguments [Table:[[city], [Popayan]]]. 
Step text: the is in the Results module and select several filters&#13;
cucumber.runner.Runner.runPickle(Runner.java:80)&#13;
</system-err></testcase></testsuite>